
  You can now view your Streamlit app in your browser.

  Local URL: http://localhost:8501
  Network URL: http://192.168.2.13:8501

2026-05-16T08:05:12+07:00 [streamlit_app] RECORDS_DB_PATH=C:\Users\Truon\Documents\New project\data\telegram_records.db

  You can now view your Streamlit app in your browser.

  Local URL: http://localhost:8501
  Network URL: http://192.168.2.13:8501

2026-05-16T20:55:15+07:00 [streamlit_app] RECORDS_DB_PATH=C:\Users\Truon\Documents\New project\data\telegram_records.db

  You can now view your Streamlit app in your browser.

  Local URL: http://localhost:8501
  Network URL: http://192.168.2.13:8501

2026-05-16T21:07:43+07:00 [streamlit_app] RECORDS_DB_PATH=C:\Users\Truon\Documents\New project\data\telegram_records.db

  You can now view your Streamlit app in your browser.

  Local URL: http://localhost:8501
  Network URL: http://192.168.2.13:8501

2026-05-16T21:11:36+07:00 [streamlit_app] RECORDS_DB_PATH=C:\Users\Truon\Documents\New project\data\telegram_records.db
2026-05-16T21:16:02+07:00 [streamlit_app] RECORDS_DB_PATH=C:\Users\Truon\Documents\New project\data\telegram_records.db
2026-05-16T21:16:13+07:00 [streamlit_app] RECORDS_DB_PATH=C:\Users\Truon\Documents\New project\data\telegram_records.db
2026-05-16T21:16:16+07:00 [streamlit_app] RECORDS_DB_PATH=C:\Users\Truon\Documents\New project\data\telegram_records.db

  You can now view your Streamlit app in your browser.

  Local URL: http://localhost:8501
  Network URL: http://192.168.2.13:8501

2026-05-16T21:25:19+07:00 [streamlit_app] RECORDS_DB_PATH=C:\Users\Truon\Documents\New project\data\telegram_records.db

  You can now view your Streamlit app in your browser.

  Local URL: http://localhost:8501
  Network URL: http://192.168.2.13:8501

2026-05-16T21:28:05+07:00 [streamlit_app] RECORDS_DB_PATH=C:\Users\Truon\Documents\New project\data\telegram_records.db

  You can now view your Streamlit app in your browser.

  Local URL: http://localhost:8501
  Network URL: http://192.168.2.13:8501

2026-05-16T21:30:24+07:00 [streamlit_app] RECORDS_DB_PATH=C:\Users\Truon\Documents\New project\data\telegram_records.db

  You can now view your Streamlit app in your browser.

  Local URL: http://localhost:8501
  Network URL: http://192.168.2.13:8501

2026-05-16T21:41:35+07:00 [streamlit_app] RECORDS_DB_PATH=C:\Users\Truon\Documents\New project\data\telegram_records.db
2026-05-16T21:41:53+07:00 [streamlit_app] RECORDS_DB_PATH=C:\Users\Truon\Documents\New project\data\telegram_records.db
2026-05-16T21:41:54+07:00 [streamlit_app] RECORDS_DB_PATH=C:\Users\Truon\Documents\New project\data\telegram_records.db
2026-05-16T21:41:55+07:00 [streamlit_app] RECORDS_DB_PATH=C:\Users\Truon\Documents\New project\data\telegram_records.db
2026-05-16T21:41:55+07:00 [streamlit_app] RECORDS_DB_PATH=C:\Users\Truon\Documents\New project\data\telegram_records.db
2026-05-16T21:41:57+07:00 [streamlit_app] RECORDS_DB_PATH=C:\Users\Truon\Documents\New project\data\telegram_records.db
2026-05-16T21:41:58+07:00 [streamlit_app] RECORDS_DB_PATH=C:\Users\Truon\Documents\New project\data\telegram_records.db
2026-05-16T21:41:58+07:00 [streamlit_app] RECORDS_DB_PATH=C:\Users\Truon\Documents\New project\data\telegram_records.db
2026-05-16T21:41:59+07:00 [streamlit_app] RECORDS_DB_PATH=C:\Users\Truon\Documents\New project\data\telegram_records.db
2026-05-16T21:41:59+07:00 [streamlit_app] RECORDS_DB_PATH=C:\Users\Truon\Documents\New project\data\telegram_records.db
2026-05-16T21:42:00+07:00 [streamlit_app] RECORDS_DB_PATH=C:\Users\Truon\Documents\New project\data\telegram_records.db
2026-05-16T21:42:01+07:00 [streamlit_app] RECORDS_DB_PATH=C:\Users\Truon\Documents\New project\data\telegram_records.db
2026-05-16T21:42:10+07:00 [streamlit_app] RECORDS_DB_PATH=C:\Users\Truon\Documents\New project\data\telegram_records.db
2026-05-16T21:42:15+07:00 [streamlit_app] RECORDS_DB_PATH=C:\Users\Truon\Documents\New project\data\telegram_records.db
2026-05-16T21:42:18+07:00 [streamlit_app] RECORDS_DB_PATH=C:\Users\Truon\Documents\New project\data\telegram_records.db
2026-05-16T21:42:52+07:00 [streamlit_app] RECORDS_DB_PATH=C:\Users\Truon\Documents\New project\data\telegram_records.db
2026-05-16T21:42:53+07:00 [streamlit_app] RECORDS_DB_PATH=C:\Users\Truon\Documents\New project\data\telegram_records.db
2026-05-16T21:43:03+07:00 [streamlit_app] RECORDS_DB_PATH=C:\Users\Truon\Documents\New project\data\telegram_records.db
2026-05-16T21:43:06+07:00 [streamlit_app] RECORDS_DB_PATH=C:\Users\Truon\Documents\New project\data\telegram_records.db

  You can now view your Streamlit app in your browser.

  Local URL: http://localhost:8501
  Network URL: http://192.168.2.13:8501

2026-05-16T22:11:15+07:00 [streamlit_app] RECORDS_DB_PATH=C:\Users\Truon\Documents\New project\data\telegram_records.db

  You can now view your Streamlit app in your browser.

  Local URL: http://localhost:8501
  Network URL: http://192.168.2.13:8501

2026-05-16T22:14:51+07:00 [streamlit_app] RECORDS_DB_PATH=C:\Users\Truon\Documents\New project\data\telegram_records.db
2026-05-16T22:21:30+07:00 [streamlit_app] RECORDS_DB_PATH=C:\Users\Truon\Documents\New project\data\telegram_records.db
2026-05-16T22:21:32+07:00 [streamlit_app] RECORDS_DB_PATH=C:\Users\Truon\Documents\New project\data\telegram_records.db
2026-05-16T22:21:51+07:00 [streamlit_app] RECORDS_DB_PATH=C:\Users\Truon\Documents\New project\data\telegram_records.db
2026-05-16T22:22:10+07:00 [streamlit_app] RECORDS_DB_PATH=C:\Users\Truon\Documents\New project\data\telegram_records.db
2026-05-16T22:22:10+07:00 [streamlit_app] RECORDS_DB_PATH=C:\Users\Truon\Documents\New project\data\telegram_records.db
2026-05-16T22:22:11+07:00 [streamlit_app] RECORDS_DB_PATH=C:\Users\Truon\Documents\New project\data\telegram_records.db
2026-05-16T22:22:21+07:00 [streamlit_app] RECORDS_DB_PATH=C:\Users\Truon\Documents\New project\data\telegram_records.db
2026-05-16T22:22:24+07:00 [streamlit_app] RECORDS_DB_PATH=C:\Users\Truon\Documents\New project\data\telegram_records.db
2026-05-16T23:40:36+07:00 [streamlit_app] RECORDS_DB_PATH=C:\Users\Truon\Documents\New project\data\telegram_records.db
2026-05-16T23:40:51+07:00 [streamlit_app] RECORDS_DB_PATH=C:\Users\Truon\Documents\New project\data\telegram_records.db

  You can now view your Streamlit app in your browser.

  Local URL: http://localhost:8501
  Network URL: http://192.168.2.13:8501


  You can now view your Streamlit app in your browser.

  Local URL: http://localhost:8501
  Network URL: http://192.168.2.13:8501


  You can now view your Streamlit app in your browser.

  Local URL: http://localhost:8501
  Network URL: http://192.168.2.13:8501


  You can now view your Streamlit app in your browser.

  Local URL: http://localhost:8501
  Network URL: http://192.168.2.13:8501


  You can now view your Streamlit app in your browser.

  Local URL: http://localhost:8501
  Network URL: http://192.168.2.13:8501


  You can now view your Streamlit app in your browser.

  Local URL: http://localhost:8501
  Network URL: http://192.168.2.13:8501

2026-05-17T08:31:06+07:00 [streamlit_app] RECORDS_DB_PATH=C:\Users\Truon\Documents\New project\data\telegram_records.db

  You can now view your Streamlit app in your browser.

  Local URL: http://localhost:8501
  Network URL: http://192.168.2.13:8501

2026-05-17T09:25:39+07:00 [streamlit_app] RECORDS_DB_PATH=C:\Users\Truon\Documents\New project\data\telegram_records.db

  You can now view your Streamlit app in your browser.

  Local URL: http://localhost:8501
  Network URL: http://192.168.2.13:8501

2026-05-17T09:38:53+07:00 [streamlit_app] RECORDS_DB_PATH=C:\Users\Truon\Documents\New project\data\telegram_records.db

  You can now view your Streamlit app in your browser.

  Local URL: http://localhost:8501
  Network URL: http://192.168.2.13:8501

2026-05-17T10:22:59+07:00 [streamlit_app] RECORDS_DB_PATH=C:\Users\Truon\Documents\New project\data\telegram_records.db

  You can now view your Streamlit app in your browser.

  Local URL: http://localhost:8501
  Network URL: http://192.168.2.13:8501

2026-05-17T10:33:49+07:00 [streamlit_app] RECORDS_DB_PATH=C:\Users\Truon\Documents\New project\data\telegram_records.db

  You can now view your Streamlit app in your browser.

  Local URL: http://localhost:8501
  Network URL: http://192.168.2.13:8501

2026-05-17T10:52:53+07:00 [streamlit_app] RECORDS_DB_PATH=C:\Users\Truon\Documents\New project\data\telegram_records.db

  You can now view your Streamlit app in your browser.

  Local URL: http://localhost:8501
  Network URL: http://192.168.2.13:8501

2026-05-17T11:02:05+07:00 [streamlit_app] RECORDS_DB_PATH=C:\Users\Truon\Documents\New project\data\telegram_records.db

  You can now view your Streamlit app in your browser.

  Local URL: http://localhost:8501
  Network URL: http://192.168.2.13:8501

2026-05-17T11:12:12+07:00 [streamlit_app] RECORDS_DB_PATH=C:\Users\Truon\Documents\New project\data\telegram_records.db

  You can now view your Streamlit app in your browser.

  Local URL: http://localhost:8501
  Network URL: http://192.168.2.13:8501

2026-05-17T11:21:18+07:00 [streamlit_app] RECORDS_DB_PATH=C:\Users\Truon\Documents\New project\data\telegram_records.db
2026-05-17T12:13:31+07:00 [streamlit_app] RECORDS_DB_PATH=C:\Users\Truon\Documents\New project\data\telegram_records.db
2026-05-17T12:14:56+07:00 [streamlit_app] RECORDS_DB_PATH=C:\Users\Truon\Documents\New project\data\telegram_records.db
2026-05-17T12:15:30+07:00 [streamlit_app] RECORDS_DB_PATH=C:\Users\Truon\Documents\New project\data\telegram_records.db
2026-05-17T12:21:13+07:00 [streamlit_app] RECORDS_DB_PATH=C:\Users\Truon\Documents\New project\data\telegram_records.db
2026-05-17T12:23:11+07:00 [streamlit_app] RECORDS_DB_PATH=C:\Users\Truon\Documents\New project\data\telegram_records.db
2026-05-17T12:23:25+07:00 [streamlit_app] RECORDS_DB_PATH=C:\Users\Truon\Documents\New project\data\telegram_records.db
2026-05-17T12:24:15+07:00 [streamlit_app] RECORDS_DB_PATH=C:\Users\Truon\Documents\New project\data\telegram_records.db
2026-05-17T12:27:10+07:00 [streamlit_app] RECORDS_DB_PATH=C:\Users\Truon\Documents\New project\data\telegram_records.db

  You can now view your Streamlit app in your browser.

  Local URL: http://localhost:8501
  Network URL: http://192.168.2.13:8501

2026-05-17T12:33:32+07:00 [streamlit_app] RECORDS_DB_PATH=C:\Users\Truon\Documents\New project\data\telegram_records.db
2026-05-17T13:29:27+07:00 [streamlit_app] RECORDS_DB_PATH=C:\Users\Truon\Documents\New project\data\telegram_records.db
2026-05-17T13:30:22+07:00 [streamlit_app] RECORDS_DB_PATH=C:\Users\Truon\Documents\New project\data\telegram_records.db
2026-05-17T13:30:26+07:00 [streamlit_app] RECORDS_DB_PATH=C:\Users\Truon\Documents\New project\data\telegram_records.db

  You can now view your Streamlit app in your browser.

  Local URL: http://localhost:8501
  Network URL: http://192.168.2.13:8501

2026-05-17T13:32:17+07:00 [streamlit_app] RECORDS_DB_PATH=C:\Users\Truon\Documents\New project\data\telegram_records.db
2026-05-17T14:03:44+07:00 [streamlit_app] RECORDS_DB_PATH=C:\Users\Truon\Documents\New project\data\telegram_records.db
2026-05-17T14:08:02+07:00 [streamlit_app] RECORDS_DB_PATH=C:\Users\Truon\Documents\New project\data\telegram_records.db

  You can now view your Streamlit app in your browser.

  Local URL: http://localhost:8501
  Network URL: http://192.168.2.13:8501

2026-05-17T14:08:56+07:00 [streamlit_app] RECORDS_DB_PATH=C:\Users\Truon\Documents\New project\data\telegram_records.db
2026-05-17T14:10:02+07:00 [streamlit_app] RECORDS_DB_PATH=C:\Users\Truon\Documents\New project\data\telegram_records.db

  You can now view your Streamlit app in your browser.

  Local URL: http://localhost:8501
  Network URL: http://192.168.2.13:8501

2026-05-17T22:59:39+07:00 [streamlit_app] RECORDS_DB_PATH=C:\root\app\data\telegram_records.db

  You can now view your Streamlit app in your browser.

  Local URL: http://localhost:8501
  Network URL: http://192.168.2.13:8501


  You can now view your Streamlit app in your browser.

  Local URL: http://localhost:8501
  Network URL: http://192.168.2.13:8501

2026-05-22T21:11:42+07:00 [streamlit_app] RECORDS_DB_PATH=E:\root\app\data\telegram_records.db

  You can now view your Streamlit app in your browser.

  Local URL: http://localhost:8501
  Network URL: http://192.168.2.13:8501


  You can now view your Streamlit app in your browser.

  Local URL: http://localhost:8501
  Network URL: http://192.168.2.13:8501


  You can now view your Streamlit app in your browser.

  Local URL: http://localhost:8501
  Network URL: http://192.168.2.13:8501

2026-05-31T11:56:26+07:00 [streamlit_app] RECORDS_DB_PATH=E:\root\app\data\telegram_records.db
2026-05-31T11:56:33+07:00 [streamlit_app] RECORDS_DB_PATH=E:\root\app\data\telegram_records.db
2026-05-31T11:56:33+07:00 [streamlit_app] RECORDS_DB_PATH=E:\root\app\data\telegram_records.db
2026-05-31T11:57:16+07:00 [streamlit_app] RECORDS_DB_PATH=E:\root\app\data\telegram_records.db
2026-05-31T12:09:51+07:00 [streamlit_app] RECORDS_DB_PATH=E:\root\app\data\telegram_records.db
2026-05-31T12:10:00+07:00 [streamlit_app] RECORDS_DB_PATH=E:\root\app\data\telegram_records.db
2026-05-31T12:10:05+07:00 [streamlit_app] RECORDS_DB_PATH=E:\root\app\data\telegram_records.db
2026-05-31T12:10:06+07:00 [streamlit_app] RECORDS_DB_PATH=E:\root\app\data\telegram_records.db
2026-05-31T12:10:10+07:00 [streamlit_app] RECORDS_DB_PATH=E:\root\app\data\telegram_records.db
2026-05-31T12:10:11+07:00 [streamlit_app] RECORDS_DB_PATH=E:\root\app\data\telegram_records.db
2026-05-31T12:16:07+07:00 [streamlit_app] RECORDS_DB_PATH=E:\root\app\data\telegram_records.db
2026-05-31T12:16:08+07:00 [streamlit_app] RECORDS_DB_PATH=E:\root\app\data\telegram_records.db
2026-05-31T12:17:46+07:00 [streamlit_app] RECORDS_DB_PATH=E:\root\app\data\telegram_records.db
2026-05-31T12:17:47+07:00 [streamlit_app] RECORDS_DB_PATH=E:\root\app\data\telegram_records.db
2026-05-31T12:18:17+07:00 [streamlit_app] RECORDS_DB_PATH=E:\root\app\data\telegram_records.db
2026-05-31T12:19:29+07:00 [streamlit_app] RECORDS_DB_PATH=E:\root\app\data\telegram_records.db
2026-05-31T12:19:30+07:00 [streamlit_app] RECORDS_DB_PATH=E:\root\app\data\telegram_records.db
2026-05-31T12:25:46+07:00 [streamlit_app] RECORDS_DB_PATH=E:\root\app\data\telegram_records.db
2026-05-31T12:25:48+07:00 [streamlit_app] RECORDS_DB_PATH=E:\root\app\data\telegram_records.db
2026-05-31T12:25:49+07:00 [streamlit_app] RECORDS_DB_PATH=E:\root\app\data\telegram_records.db
2026-05-31T12:26:57+07:00 [streamlit_app] RECORDS_DB_PATH=E:\root\app\data\telegram_records.db
2026-05-31T12:27:10+07:00 [streamlit_app] RECORDS_DB_PATH=E:\root\app\data\telegram_records.db
2026-05-31T12:27:11+07:00 [streamlit_app] RECORDS_DB_PATH=E:\root\app\data\telegram_records.db
2026-05-31T12:27:18+07:00 [streamlit_app] RECORDS_DB_PATH=E:\root\app\data\telegram_records.db
2026-05-31T12:28:28+07:00 [streamlit_app] RECORDS_DB_PATH=E:\root\app\data\telegram_records.db
2026-05-31T12:28:28+07:00 [streamlit_app] RECORDS_DB_PATH=E:\root\app\data\telegram_records.db
2026-05-31T12:28:29+07:00 [streamlit_app] RECORDS_DB_PATH=E:\root\app\data\telegram_records.db
2026-05-31T12:28:43+07:00 [streamlit_app] RECORDS_DB_PATH=E:\root\app\data\telegram_records.db
2026-05-31T12:28:44+07:00 [streamlit_app] RECORDS_DB_PATH=E:\root\app\data\telegram_records.db
2026-05-31T12:28:46+07:00 [streamlit_app] RECORDS_DB_PATH=E:\root\app\data\telegram_records.db
2026-05-31T12:28:47+07:00 [streamlit_app] RECORDS_DB_PATH=E:\root\app\data\telegram_records.db
2026-05-31T12:29:22+07:00 [streamlit_app] RECORDS_DB_PATH=E:\root\app\data\telegram_records.db
2026-05-31T12:29:32+07:00 [streamlit_app] RECORDS_DB_PATH=E:\root\app\data\telegram_records.db
2026-05-31T12:33:04+07:00 [streamlit_app] RECORDS_DB_PATH=E:\root\app\data\telegram_records.db
2026-05-31T12:33:07+07:00 [streamlit_app] RECORDS_DB_PATH=E:\root\app\data\telegram_records.db
2026-05-31T12:33:08+07:00 [streamlit_app] RECORDS_DB_PATH=E:\root\app\data\telegram_records.db
2026-05-31T12:33:25+07:00 [streamlit_app] RECORDS_DB_PATH=E:\root\app\data\telegram_records.db
2026-05-31T12:33:36+07:00 [streamlit_app] RECORDS_DB_PATH=E:\root\app\data\telegram_records.db
2026-05-31T12:33:39+07:00 [streamlit_app] RECORDS_DB_PATH=E:\root\app\data\telegram_records.db
2026-05-31T12:33:46+07:00 [streamlit_app] RECORDS_DB_PATH=E:\root\app\data\telegram_records.db
2026-05-31T14:10:00+07:00 [streamlit_app] RECORDS_DB_PATH=E:\root\app\data\telegram_records.db
2026-05-31T14:13:22+07:00 [streamlit_app] RECORDS_DB_PATH=E:\root\app\data\telegram_records.db
2026-05-31T14:13:23+07:00 [streamlit_app] RECORDS_DB_PATH=E:\root\app\data\telegram_records.db
2026-05-31T14:13:34+07:00 [streamlit_app] RECORDS_DB_PATH=E:\root\app\data\telegram_records.db
2026-05-31T14:13:40+07:00 [streamlit_app] RECORDS_DB_PATH=E:\root\app\data\telegram_records.db
2026-05-31T14:13:46+07:00 [streamlit_app] RECORDS_DB_PATH=E:\root\app\data\telegram_records.db
2026-05-31T14:13:58+07:00 [streamlit_app] RECORDS_DB_PATH=E:\root\app\data\telegram_records.db
2026-05-31T14:16:57+07:00 [streamlit_app] RECORDS_DB_PATH=E:\root\app\data\telegram_records.db
2026-05-31T14:17:04+07:00 [streamlit_app] RECORDS_DB_PATH=E:\root\app\data\telegram_records.db
2026-05-31T14:17:05+07:00 [streamlit_app] RECORDS_DB_PATH=E:\root\app\data\telegram_records.db
2026-05-31T14:17:11+07:00 [streamlit_app] RECORDS_DB_PATH=E:\root\app\data\telegram_records.db
2026-05-31T14:17:33+07:00 [streamlit_app] RECORDS_DB_PATH=E:\root\app\data\telegram_records.db
2026-05-31T14:17:45+07:00 [streamlit_app] RECORDS_DB_PATH=E:\root\app\data\telegram_records.db
2026-05-31T14:17:49+07:00 [streamlit_app] RECORDS_DB_PATH=E:\root\app\data\telegram_records.db

  You can now view your Streamlit app in your browser.

  Local URL: http://localhost:8501
  Network URL: http://192.168.2.13:8501

2026-06-01T18:49:29+07:00 [streamlit_app] RECORDS_DB_PATH=E:\root\app\data\telegram_records.db
2026-06-01T18:49:29+07:00 [streamlit_app] RECORDS_DB_PATH=E:\root\app\data\telegram_records.db
2026-06-01T18:49:33+07:00 [streamlit_app] RECORDS_DB_PATH=E:\root\app\data\telegram_records.db
2026-06-01T18:49:34+07:00 [streamlit_app] RECORDS_DB_PATH=E:\root\app\data\telegram_records.db
2026-06-01T18:49:39+07:00 [streamlit_app] RECORDS_DB_PATH=E:\root\app\data\telegram_records.db
2026-06-01T18:51:08+07:00 [streamlit_app] RECORDS_DB_PATH=E:\root\app\data\telegram_records.db
2026-06-01T18:51:24+07:00 [streamlit_app] RECORDS_DB_PATH=E:\root\app\data\telegram_records.db
2026-06-01T18:51:24+07:00 [streamlit_app] RECORDS_DB_PATH=E:\root\app\data\telegram_records.db
2026-06-01T20:52:04+07:00 [streamlit_app] RECORDS_DB_PATH=E:\root\app\data\telegram_records.db
2026-06-01T20:52:05+07:00 [streamlit_app] RECORDS_DB_PATH=E:\root\app\data\telegram_records.db
2026-06-01T21:00:28+07:00 [streamlit_app] RECORDS_DB_PATH=E:\root\app\data\telegram_records.db
2026-06-01T21:00:29+07:00 [streamlit_app] RECORDS_DB_PATH=E:\root\app\data\telegram_records.db
2026-06-01T21:07:22+07:00 [streamlit_app] RECORDS_DB_PATH=E:\root\app\data\telegram_records.db
2026-06-01T21:07:23+07:00 [streamlit_app] RECORDS_DB_PATH=E:\root\app\data\telegram_records.db
2026-06-01T21:07:44+07:00 [streamlit_app] RECORDS_DB_PATH=E:\root\app\data\telegram_records.db
2026-06-01T21:07:48+07:00 [streamlit_app] RECORDS_DB_PATH=E:\root\app\data\telegram_records.db
2026-06-01T21:07:48+07:00 [streamlit_app] RECORDS_DB_PATH=E:\root\app\data\telegram_records.db
2026-06-01T21:10:30+07:00 [streamlit_app] RECORDS_DB_PATH=E:\root\app\data\telegram_records.db
2026-06-01T21:10:33+07:00 [streamlit_app] RECORDS_DB_PATH=E:\root\app\data\telegram_records.db
2026-06-01T21:10:33+07:00 [streamlit_app] RECORDS_DB_PATH=E:\root\app\data\telegram_records.db
2026-06-01T21:17:40+07:00 [streamlit_app] RECORDS_DB_PATH=E:\root\app\data\telegram_records.db
2026-06-01T21:17:44+07:00 [streamlit_app] RECORDS_DB_PATH=E:\root\app\data\telegram_records.db
2026-06-01T21:17:45+07:00 [streamlit_app] RECORDS_DB_PATH=E:\root\app\data\telegram_records.db
2026-06-01T21:18:48+07:00 [streamlit_app] RECORDS_DB_PATH=E:\root\app\data\telegram_records.db
2026-06-01T21:53:16+07:00 [streamlit_app] RECORDS_DB_PATH=E:\root\app\data\telegram_records.db
2026-06-01T21:53:20+07:00 [streamlit_app] RECORDS_DB_PATH=E:\root\app\data\telegram_records.db
2026-06-01T21:53:21+07:00 [streamlit_app] RECORDS_DB_PATH=E:\root\app\data\telegram_records.db
2026-06-01T21:53:30+07:00 [streamlit_app] RECORDS_DB_PATH=E:\root\app\data\telegram_records.db
2026-06-01T21:53:33+07:00 [streamlit_app] RECORDS_DB_PATH=E:\root\app\data\telegram_records.db
