2026-05-16 08:05:14.821 The widget with key "case_col_width_id" was created with a default value but also had its value set via the Session State API.
Stack (most recent call last):
  File "C:\Users\Truon\AppData\Local\Python\pythoncore-3.14-64\Lib\threading.py", line 1044, in _bootstrap
    self._bootstrap_inner()
  File "C:\Users\Truon\AppData\Local\Python\pythoncore-3.14-64\Lib\threading.py", line 1082, in _bootstrap_inner
    self._context.run(self.run)
  File "C:\Users\Truon\AppData\Local\Python\pythoncore-3.14-64\Lib\threading.py", line 1024, in run
    self._target(*self._args, **self._kwargs)
  File "C:\Users\Truon\Documents\New project\.venv\Lib\site-packages\streamlit\runtime\scriptrunner\script_runner.py", line 379, in _run_script_thread
    self._run_script(request.rerun_data)
  File "C:\Users\Truon\Documents\New project\.venv\Lib\site-packages\streamlit\runtime\scriptrunner\script_runner.py", line 705, in _run_script
    ) = exec_func_with_error_handling(code_to_exec, ctx)
  File "C:\Users\Truon\Documents\New project\.venv\Lib\site-packages\streamlit\runtime\scriptrunner\exec_code.py", line 129, in exec_func_with_error_handling
    result = func()
  File "C:\Users\Truon\Documents\New project\.venv\Lib\site-packages\streamlit\runtime\scriptrunner\script_runner.py", line 689, in code_to_exec
    exec(code, module.__dict__)  # noqa: S102
  File "C:\Users\Truon\Documents\New project\app.py", line 144, in <module>
    main()
  File "C:\Users\Truon\Documents\New project\app.py", line 119, in main
    cases_view.render(
  File "C:\Users\Truon\Documents\New project\views\cases.py", line 115, in render
    selected_case = case_table.render(db_path, records_db_path)
  File "C:\Users\Truon\Documents\New project\views\case_table.py", line 586, in render
    widths = _render_column_width_controls()
  File "C:\Users\Truon\Documents\New project\views\case_table.py", line 134, in _render_column_width_controls
    st.slider(
  File "C:\Users\Truon\Documents\New project\.venv\Lib\site-packages\streamlit\runtime\metrics_util.py", line 563, in wrapped_func
    result = non_optional_func(*args, **kwargs)
  File "C:\Users\Truon\Documents\New project\.venv\Lib\site-packages\streamlit\elements\widgets\slider.py", line 721, in slider
    return self._slider(
  File "C:\Users\Truon\Documents\New project\.venv\Lib\site-packages\streamlit\elements\widgets\slider.py", line 762, in _slider
    check_widget_policies(
  File "C:\Users\Truon\Documents\New project\.venv\Lib\site-packages\streamlit\elements\lib\policies.py", line 180, in check_widget_policies
    check_session_state_rules(
  File "C:\Users\Truon\Documents\New project\.venv\Lib\site-packages\streamlit\elements\lib\policies.py", line 91, in check_session_state_rules
    _LOGGER.warning(
2026-05-16 08:05:16.500 Please replace `use_container_width` with `width`.

`use_container_width` will be removed after 2025-12-31.

For `use_container_width=True`, use `width='stretch'`. For `use_container_width=False`, use `width='content'`.
2026-05-16 20:55:16.698 The widget with key "case_col_width_id" was created with a default value but also had its value set via the Session State API.
Stack (most recent call last):
  File "C:\Users\Truon\AppData\Local\Python\pythoncore-3.14-64\Lib\threading.py", line 1044, in _bootstrap
    self._bootstrap_inner()
  File "C:\Users\Truon\AppData\Local\Python\pythoncore-3.14-64\Lib\threading.py", line 1082, in _bootstrap_inner
    self._context.run(self.run)
  File "C:\Users\Truon\AppData\Local\Python\pythoncore-3.14-64\Lib\threading.py", line 1024, in run
    self._target(*self._args, **self._kwargs)
  File "C:\Users\Truon\Documents\New project\.venv\Lib\site-packages\streamlit\runtime\scriptrunner\script_runner.py", line 379, in _run_script_thread
    self._run_script(request.rerun_data)
  File "C:\Users\Truon\Documents\New project\.venv\Lib\site-packages\streamlit\runtime\scriptrunner\script_runner.py", line 705, in _run_script
    ) = exec_func_with_error_handling(code_to_exec, ctx)
  File "C:\Users\Truon\Documents\New project\.venv\Lib\site-packages\streamlit\runtime\scriptrunner\exec_code.py", line 129, in exec_func_with_error_handling
    result = func()
  File "C:\Users\Truon\Documents\New project\.venv\Lib\site-packages\streamlit\runtime\scriptrunner\script_runner.py", line 689, in code_to_exec
    exec(code, module.__dict__)  # noqa: S102
  File "C:\Users\Truon\Documents\New project\app.py", line 144, in <module>
    main()
  File "C:\Users\Truon\Documents\New project\app.py", line 119, in main
    cases_view.render(
  File "C:\Users\Truon\Documents\New project\views\cases.py", line 115, in render
    selected_case = case_table.render(db_path, records_db_path)
  File "C:\Users\Truon\Documents\New project\views\case_table.py", line 586, in render
    widths = _render_column_width_controls()
  File "C:\Users\Truon\Documents\New project\views\case_table.py", line 134, in _render_column_width_controls
    st.slider(
  File "C:\Users\Truon\Documents\New project\.venv\Lib\site-packages\streamlit\runtime\metrics_util.py", line 563, in wrapped_func
    result = non_optional_func(*args, **kwargs)
  File "C:\Users\Truon\Documents\New project\.venv\Lib\site-packages\streamlit\elements\widgets\slider.py", line 721, in slider
    return self._slider(
  File "C:\Users\Truon\Documents\New project\.venv\Lib\site-packages\streamlit\elements\widgets\slider.py", line 762, in _slider
    check_widget_policies(
  File "C:\Users\Truon\Documents\New project\.venv\Lib\site-packages\streamlit\elements\lib\policies.py", line 180, in check_widget_policies
    check_session_state_rules(
  File "C:\Users\Truon\Documents\New project\.venv\Lib\site-packages\streamlit\elements\lib\policies.py", line 91, in check_session_state_rules
    _LOGGER.warning(
2026-05-16 20:55:18.545 Please replace `use_container_width` with `width`.

`use_container_width` will be removed after 2025-12-31.

For `use_container_width=True`, use `width='stretch'`. For `use_container_width=False`, use `width='content'`.
2026-05-16 21:07:44.551 The widget with key "case_col_width_id" was created with a default value but also had its value set via the Session State API.
Stack (most recent call last):
  File "C:\Users\Truon\AppData\Local\Python\pythoncore-3.14-64\Lib\threading.py", line 1044, in _bootstrap
    self._bootstrap_inner()
  File "C:\Users\Truon\AppData\Local\Python\pythoncore-3.14-64\Lib\threading.py", line 1082, in _bootstrap_inner
    self._context.run(self.run)
  File "C:\Users\Truon\AppData\Local\Python\pythoncore-3.14-64\Lib\threading.py", line 1024, in run
    self._target(*self._args, **self._kwargs)
  File "C:\Users\Truon\Documents\New project\.venv\Lib\site-packages\streamlit\runtime\scriptrunner\script_runner.py", line 379, in _run_script_thread
    self._run_script(request.rerun_data)
  File "C:\Users\Truon\Documents\New project\.venv\Lib\site-packages\streamlit\runtime\scriptrunner\script_runner.py", line 705, in _run_script
    ) = exec_func_with_error_handling(code_to_exec, ctx)
  File "C:\Users\Truon\Documents\New project\.venv\Lib\site-packages\streamlit\runtime\scriptrunner\exec_code.py", line 129, in exec_func_with_error_handling
    result = func()
  File "C:\Users\Truon\Documents\New project\.venv\Lib\site-packages\streamlit\runtime\scriptrunner\script_runner.py", line 689, in code_to_exec
    exec(code, module.__dict__)  # noqa: S102
  File "C:\Users\Truon\Documents\New project\app.py", line 144, in <module>
    main()
  File "C:\Users\Truon\Documents\New project\app.py", line 119, in main
    cases_view.render(
  File "C:\Users\Truon\Documents\New project\views\cases.py", line 115, in render
    selected_case = case_table.render(db_path, records_db_path)
  File "C:\Users\Truon\Documents\New project\views\case_table.py", line 586, in render
    widths = _render_column_width_controls()
  File "C:\Users\Truon\Documents\New project\views\case_table.py", line 134, in _render_column_width_controls
    st.slider(
  File "C:\Users\Truon\Documents\New project\.venv\Lib\site-packages\streamlit\runtime\metrics_util.py", line 563, in wrapped_func
    result = non_optional_func(*args, **kwargs)
  File "C:\Users\Truon\Documents\New project\.venv\Lib\site-packages\streamlit\elements\widgets\slider.py", line 721, in slider
    return self._slider(
  File "C:\Users\Truon\Documents\New project\.venv\Lib\site-packages\streamlit\elements\widgets\slider.py", line 762, in _slider
    check_widget_policies(
  File "C:\Users\Truon\Documents\New project\.venv\Lib\site-packages\streamlit\elements\lib\policies.py", line 180, in check_widget_policies
    check_session_state_rules(
  File "C:\Users\Truon\Documents\New project\.venv\Lib\site-packages\streamlit\elements\lib\policies.py", line 91, in check_session_state_rules
    _LOGGER.warning(
2026-05-16 21:07:45.926 Please replace `use_container_width` with `width`.

`use_container_width` will be removed after 2025-12-31.

For `use_container_width=True`, use `width='stretch'`. For `use_container_width=False`, use `width='content'`.
2026-05-16 21:11:38.039 The widget with key "case_col_width_id" was created with a default value but also had its value set via the Session State API.
Stack (most recent call last):
  File "C:\Users\Truon\AppData\Local\Python\pythoncore-3.14-64\Lib\threading.py", line 1044, in _bootstrap
    self._bootstrap_inner()
  File "C:\Users\Truon\AppData\Local\Python\pythoncore-3.14-64\Lib\threading.py", line 1082, in _bootstrap_inner
    self._context.run(self.run)
  File "C:\Users\Truon\AppData\Local\Python\pythoncore-3.14-64\Lib\threading.py", line 1024, in run
    self._target(*self._args, **self._kwargs)
  File "C:\Users\Truon\Documents\New project\.venv\Lib\site-packages\streamlit\runtime\scriptrunner\script_runner.py", line 379, in _run_script_thread
    self._run_script(request.rerun_data)
  File "C:\Users\Truon\Documents\New project\.venv\Lib\site-packages\streamlit\runtime\scriptrunner\script_runner.py", line 705, in _run_script
    ) = exec_func_with_error_handling(code_to_exec, ctx)
  File "C:\Users\Truon\Documents\New project\.venv\Lib\site-packages\streamlit\runtime\scriptrunner\exec_code.py", line 129, in exec_func_with_error_handling
    result = func()
  File "C:\Users\Truon\Documents\New project\.venv\Lib\site-packages\streamlit\runtime\scriptrunner\script_runner.py", line 689, in code_to_exec
    exec(code, module.__dict__)  # noqa: S102
  File "C:\Users\Truon\Documents\New project\app.py", line 144, in <module>
    main()
  File "C:\Users\Truon\Documents\New project\app.py", line 119, in main
    cases_view.render(
  File "C:\Users\Truon\Documents\New project\views\cases.py", line 115, in render
    selected_case = case_table.render(db_path, records_db_path)
  File "C:\Users\Truon\Documents\New project\views\case_table.py", line 586, in render
    widths = _render_column_width_controls()
  File "C:\Users\Truon\Documents\New project\views\case_table.py", line 134, in _render_column_width_controls
    st.slider(
  File "C:\Users\Truon\Documents\New project\.venv\Lib\site-packages\streamlit\runtime\metrics_util.py", line 563, in wrapped_func
    result = non_optional_func(*args, **kwargs)
  File "C:\Users\Truon\Documents\New project\.venv\Lib\site-packages\streamlit\elements\widgets\slider.py", line 721, in slider
    return self._slider(
  File "C:\Users\Truon\Documents\New project\.venv\Lib\site-packages\streamlit\elements\widgets\slider.py", line 762, in _slider
    check_widget_policies(
  File "C:\Users\Truon\Documents\New project\.venv\Lib\site-packages\streamlit\elements\lib\policies.py", line 180, in check_widget_policies
    check_session_state_rules(
  File "C:\Users\Truon\Documents\New project\.venv\Lib\site-packages\streamlit\elements\lib\policies.py", line 91, in check_session_state_rules
    _LOGGER.warning(
2026-05-16 21:11:39.592 Please replace `use_container_width` with `width`.

`use_container_width` will be removed after 2025-12-31.

For `use_container_width=True`, use `width='stretch'`. For `use_container_width=False`, use `width='content'`.
2026-05-16 21:16:04.453 Please replace `use_container_width` with `width`.

`use_container_width` will be removed after 2025-12-31.

For `use_container_width=True`, use `width='stretch'`. For `use_container_width=False`, use `width='content'`.
2026-05-16 21:16:15.241 Please replace `use_container_width` with `width`.

`use_container_width` will be removed after 2025-12-31.

For `use_container_width=True`, use `width='stretch'`. For `use_container_width=False`, use `width='content'`.
2026-05-16 21:16:18.774 Please replace `use_container_width` with `width`.

`use_container_width` will be removed after 2025-12-31.

For `use_container_width=True`, use `width='stretch'`. For `use_container_width=False`, use `width='content'`.
2026-05-16 21:25:20.725 The widget with key "case_col_width_id" was created with a default value but also had its value set via the Session State API.
Stack (most recent call last):
  File "C:\Users\Truon\AppData\Local\Python\pythoncore-3.14-64\Lib\threading.py", line 1044, in _bootstrap
    self._bootstrap_inner()
  File "C:\Users\Truon\AppData\Local\Python\pythoncore-3.14-64\Lib\threading.py", line 1082, in _bootstrap_inner
    self._context.run(self.run)
  File "C:\Users\Truon\AppData\Local\Python\pythoncore-3.14-64\Lib\threading.py", line 1024, in run
    self._target(*self._args, **self._kwargs)
  File "C:\Users\Truon\Documents\New project\.venv\Lib\site-packages\streamlit\runtime\scriptrunner\script_runner.py", line 379, in _run_script_thread
    self._run_script(request.rerun_data)
  File "C:\Users\Truon\Documents\New project\.venv\Lib\site-packages\streamlit\runtime\scriptrunner\script_runner.py", line 705, in _run_script
    ) = exec_func_with_error_handling(code_to_exec, ctx)
  File "C:\Users\Truon\Documents\New project\.venv\Lib\site-packages\streamlit\runtime\scriptrunner\exec_code.py", line 129, in exec_func_with_error_handling
    result = func()
  File "C:\Users\Truon\Documents\New project\.venv\Lib\site-packages\streamlit\runtime\scriptrunner\script_runner.py", line 689, in code_to_exec
    exec(code, module.__dict__)  # noqa: S102
  File "C:\Users\Truon\Documents\New project\app.py", line 144, in <module>
    main()
  File "C:\Users\Truon\Documents\New project\app.py", line 119, in main
    cases_view.render(
  File "C:\Users\Truon\Documents\New project\views\cases.py", line 115, in render
    selected_case = case_table.render(db_path, records_db_path)
  File "C:\Users\Truon\Documents\New project\views\case_table.py", line 586, in render
    widths = _render_column_width_controls()
  File "C:\Users\Truon\Documents\New project\views\case_table.py", line 134, in _render_column_width_controls
    st.slider(
  File "C:\Users\Truon\Documents\New project\.venv\Lib\site-packages\streamlit\runtime\metrics_util.py", line 563, in wrapped_func
    result = non_optional_func(*args, **kwargs)
  File "C:\Users\Truon\Documents\New project\.venv\Lib\site-packages\streamlit\elements\widgets\slider.py", line 721, in slider
    return self._slider(
  File "C:\Users\Truon\Documents\New project\.venv\Lib\site-packages\streamlit\elements\widgets\slider.py", line 762, in _slider
    check_widget_policies(
  File "C:\Users\Truon\Documents\New project\.venv\Lib\site-packages\streamlit\elements\lib\policies.py", line 180, in check_widget_policies
    check_session_state_rules(
  File "C:\Users\Truon\Documents\New project\.venv\Lib\site-packages\streamlit\elements\lib\policies.py", line 91, in check_session_state_rules
    _LOGGER.warning(
2026-05-16 21:25:22.060 Please replace `use_container_width` with `width`.

`use_container_width` will be removed after 2025-12-31.

For `use_container_width=True`, use `width='stretch'`. For `use_container_width=False`, use `width='content'`.
2026-05-16 21:28:06.666 The widget with key "case_col_width_id" was created with a default value but also had its value set via the Session State API.
Stack (most recent call last):
  File "C:\Users\Truon\AppData\Local\Python\pythoncore-3.14-64\Lib\threading.py", line 1044, in _bootstrap
    self._bootstrap_inner()
  File "C:\Users\Truon\AppData\Local\Python\pythoncore-3.14-64\Lib\threading.py", line 1082, in _bootstrap_inner
    self._context.run(self.run)
  File "C:\Users\Truon\AppData\Local\Python\pythoncore-3.14-64\Lib\threading.py", line 1024, in run
    self._target(*self._args, **self._kwargs)
  File "C:\Users\Truon\Documents\New project\.venv\Lib\site-packages\streamlit\runtime\scriptrunner\script_runner.py", line 379, in _run_script_thread
    self._run_script(request.rerun_data)
  File "C:\Users\Truon\Documents\New project\.venv\Lib\site-packages\streamlit\runtime\scriptrunner\script_runner.py", line 705, in _run_script
    ) = exec_func_with_error_handling(code_to_exec, ctx)
  File "C:\Users\Truon\Documents\New project\.venv\Lib\site-packages\streamlit\runtime\scriptrunner\exec_code.py", line 129, in exec_func_with_error_handling
    result = func()
  File "C:\Users\Truon\Documents\New project\.venv\Lib\site-packages\streamlit\runtime\scriptrunner\script_runner.py", line 689, in code_to_exec
    exec(code, module.__dict__)  # noqa: S102
  File "C:\Users\Truon\Documents\New project\app.py", line 144, in <module>
    main()
  File "C:\Users\Truon\Documents\New project\app.py", line 119, in main
    cases_view.render(
  File "C:\Users\Truon\Documents\New project\views\cases.py", line 115, in render
    selected_case = case_table.render(db_path, records_db_path)
  File "C:\Users\Truon\Documents\New project\views\case_table.py", line 586, in render
    widths = _render_column_width_controls()
  File "C:\Users\Truon\Documents\New project\views\case_table.py", line 134, in _render_column_width_controls
    st.slider(
  File "C:\Users\Truon\Documents\New project\.venv\Lib\site-packages\streamlit\runtime\metrics_util.py", line 563, in wrapped_func
    result = non_optional_func(*args, **kwargs)
  File "C:\Users\Truon\Documents\New project\.venv\Lib\site-packages\streamlit\elements\widgets\slider.py", line 721, in slider
    return self._slider(
  File "C:\Users\Truon\Documents\New project\.venv\Lib\site-packages\streamlit\elements\widgets\slider.py", line 762, in _slider
    check_widget_policies(
  File "C:\Users\Truon\Documents\New project\.venv\Lib\site-packages\streamlit\elements\lib\policies.py", line 180, in check_widget_policies
    check_session_state_rules(
  File "C:\Users\Truon\Documents\New project\.venv\Lib\site-packages\streamlit\elements\lib\policies.py", line 91, in check_session_state_rules
    _LOGGER.warning(
2026-05-16 21:28:08.051 Please replace `use_container_width` with `width`.

`use_container_width` will be removed after 2025-12-31.

For `use_container_width=True`, use `width='stretch'`. For `use_container_width=False`, use `width='content'`.
2026-05-16 21:30:27.780 The widget with key "case_col_width_id" was created with a default value but also had its value set via the Session State API.
Stack (most recent call last):
  File "C:\Users\Truon\AppData\Local\Python\pythoncore-3.14-64\Lib\threading.py", line 1044, in _bootstrap
    self._bootstrap_inner()
  File "C:\Users\Truon\AppData\Local\Python\pythoncore-3.14-64\Lib\threading.py", line 1082, in _bootstrap_inner
    self._context.run(self.run)
  File "C:\Users\Truon\AppData\Local\Python\pythoncore-3.14-64\Lib\threading.py", line 1024, in run
    self._target(*self._args, **self._kwargs)
  File "C:\Users\Truon\Documents\New project\.venv\Lib\site-packages\streamlit\runtime\scriptrunner\script_runner.py", line 379, in _run_script_thread
    self._run_script(request.rerun_data)
  File "C:\Users\Truon\Documents\New project\.venv\Lib\site-packages\streamlit\runtime\scriptrunner\script_runner.py", line 705, in _run_script
    ) = exec_func_with_error_handling(code_to_exec, ctx)
  File "C:\Users\Truon\Documents\New project\.venv\Lib\site-packages\streamlit\runtime\scriptrunner\exec_code.py", line 129, in exec_func_with_error_handling
    result = func()
  File "C:\Users\Truon\Documents\New project\.venv\Lib\site-packages\streamlit\runtime\scriptrunner\script_runner.py", line 689, in code_to_exec
    exec(code, module.__dict__)  # noqa: S102
  File "C:\Users\Truon\Documents\New project\app.py", line 144, in <module>
    main()
  File "C:\Users\Truon\Documents\New project\app.py", line 119, in main
    cases_view.render(
  File "C:\Users\Truon\Documents\New project\views\cases.py", line 115, in render
    selected_case = case_table.render(db_path, records_db_path)
  File "C:\Users\Truon\Documents\New project\views\case_table.py", line 586, in render
    widths = _render_column_width_controls()
  File "C:\Users\Truon\Documents\New project\views\case_table.py", line 134, in _render_column_width_controls
    st.slider(
  File "C:\Users\Truon\Documents\New project\.venv\Lib\site-packages\streamlit\runtime\metrics_util.py", line 563, in wrapped_func
    result = non_optional_func(*args, **kwargs)
  File "C:\Users\Truon\Documents\New project\.venv\Lib\site-packages\streamlit\elements\widgets\slider.py", line 721, in slider
    return self._slider(
  File "C:\Users\Truon\Documents\New project\.venv\Lib\site-packages\streamlit\elements\widgets\slider.py", line 762, in _slider
    check_widget_policies(
  File "C:\Users\Truon\Documents\New project\.venv\Lib\site-packages\streamlit\elements\lib\policies.py", line 180, in check_widget_policies
    check_session_state_rules(
  File "C:\Users\Truon\Documents\New project\.venv\Lib\site-packages\streamlit\elements\lib\policies.py", line 91, in check_session_state_rules
    _LOGGER.warning(
2026-05-16 21:30:29.637 Please replace `use_container_width` with `width`.

`use_container_width` will be removed after 2025-12-31.

For `use_container_width=True`, use `width='stretch'`. For `use_container_width=False`, use `width='content'`.
2026-05-16 21:41:37.053 The widget with key "case_col_width_id" was created with a default value but also had its value set via the Session State API.
Stack (most recent call last):
  File "C:\Users\Truon\AppData\Local\Python\pythoncore-3.14-64\Lib\threading.py", line 1044, in _bootstrap
    self._bootstrap_inner()
  File "C:\Users\Truon\AppData\Local\Python\pythoncore-3.14-64\Lib\threading.py", line 1082, in _bootstrap_inner
    self._context.run(self.run)
  File "C:\Users\Truon\AppData\Local\Python\pythoncore-3.14-64\Lib\threading.py", line 1024, in run
    self._target(*self._args, **self._kwargs)
  File "C:\Users\Truon\Documents\New project\.venv\Lib\site-packages\streamlit\runtime\scriptrunner\script_runner.py", line 379, in _run_script_thread
    self._run_script(request.rerun_data)
  File "C:\Users\Truon\Documents\New project\.venv\Lib\site-packages\streamlit\runtime\scriptrunner\script_runner.py", line 705, in _run_script
    ) = exec_func_with_error_handling(code_to_exec, ctx)
  File "C:\Users\Truon\Documents\New project\.venv\Lib\site-packages\streamlit\runtime\scriptrunner\exec_code.py", line 129, in exec_func_with_error_handling
    result = func()
  File "C:\Users\Truon\Documents\New project\.venv\Lib\site-packages\streamlit\runtime\scriptrunner\script_runner.py", line 689, in code_to_exec
    exec(code, module.__dict__)  # noqa: S102
  File "C:\Users\Truon\Documents\New project\app.py", line 144, in <module>
    main()
  File "C:\Users\Truon\Documents\New project\app.py", line 119, in main
    cases_view.render(
  File "C:\Users\Truon\Documents\New project\views\cases.py", line 115, in render
    selected_case = case_table.render(db_path, records_db_path)
  File "C:\Users\Truon\Documents\New project\views\case_table.py", line 586, in render
    widths = _render_column_width_controls()
  File "C:\Users\Truon\Documents\New project\views\case_table.py", line 134, in _render_column_width_controls
    st.slider(
  File "C:\Users\Truon\Documents\New project\.venv\Lib\site-packages\streamlit\runtime\metrics_util.py", line 563, in wrapped_func
    result = non_optional_func(*args, **kwargs)
  File "C:\Users\Truon\Documents\New project\.venv\Lib\site-packages\streamlit\elements\widgets\slider.py", line 721, in slider
    return self._slider(
  File "C:\Users\Truon\Documents\New project\.venv\Lib\site-packages\streamlit\elements\widgets\slider.py", line 762, in _slider
    check_widget_policies(
  File "C:\Users\Truon\Documents\New project\.venv\Lib\site-packages\streamlit\elements\lib\policies.py", line 180, in check_widget_policies
    check_session_state_rules(
  File "C:\Users\Truon\Documents\New project\.venv\Lib\site-packages\streamlit\elements\lib\policies.py", line 91, in check_session_state_rules
    _LOGGER.warning(
2026-05-16 21:41:38.912 Please replace `use_container_width` with `width`.

`use_container_width` will be removed after 2025-12-31.

For `use_container_width=True`, use `width='stretch'`. For `use_container_width=False`, use `width='content'`.
2026-05-16 21:42:03.383 Please replace `use_container_width` with `width`.

`use_container_width` will be removed after 2025-12-31.

For `use_container_width=True`, use `width='stretch'`. For `use_container_width=False`, use `width='content'`.
2026-05-16 21:42:12.500 Please replace `use_container_width` with `width`.

`use_container_width` will be removed after 2025-12-31.

For `use_container_width=True`, use `width='stretch'`. For `use_container_width=False`, use `width='content'`.
2026-05-16 21:42:20.127 Please replace `use_container_width` with `width`.

`use_container_width` will be removed after 2025-12-31.

For `use_container_width=True`, use `width='stretch'`. For `use_container_width=False`, use `width='content'`.
2026-05-16 21:42:55.212 Please replace `use_container_width` with `width`.

`use_container_width` will be removed after 2025-12-31.

For `use_container_width=True`, use `width='stretch'`. For `use_container_width=False`, use `width='content'`.
2026-05-16 21:43:08.365 Please replace `use_container_width` with `width`.

`use_container_width` will be removed after 2025-12-31.

For `use_container_width=True`, use `width='stretch'`. For `use_container_width=False`, use `width='content'`.
2026-05-16 22:11:16.736 The widget with key "case_col_width_id" was created with a default value but also had its value set via the Session State API.
Stack (most recent call last):
  File "C:\Users\Truon\AppData\Local\Python\pythoncore-3.14-64\Lib\threading.py", line 1044, in _bootstrap
    self._bootstrap_inner()
  File "C:\Users\Truon\AppData\Local\Python\pythoncore-3.14-64\Lib\threading.py", line 1082, in _bootstrap_inner
    self._context.run(self.run)
  File "C:\Users\Truon\AppData\Local\Python\pythoncore-3.14-64\Lib\threading.py", line 1024, in run
    self._target(*self._args, **self._kwargs)
  File "C:\Users\Truon\Documents\New project\.venv\Lib\site-packages\streamlit\runtime\scriptrunner\script_runner.py", line 379, in _run_script_thread
    self._run_script(request.rerun_data)
  File "C:\Users\Truon\Documents\New project\.venv\Lib\site-packages\streamlit\runtime\scriptrunner\script_runner.py", line 705, in _run_script
    ) = exec_func_with_error_handling(code_to_exec, ctx)
  File "C:\Users\Truon\Documents\New project\.venv\Lib\site-packages\streamlit\runtime\scriptrunner\exec_code.py", line 129, in exec_func_with_error_handling
    result = func()
  File "C:\Users\Truon\Documents\New project\.venv\Lib\site-packages\streamlit\runtime\scriptrunner\script_runner.py", line 689, in code_to_exec
    exec(code, module.__dict__)  # noqa: S102
  File "C:\Users\Truon\Documents\New project\app.py", line 144, in <module>
    main()
  File "C:\Users\Truon\Documents\New project\app.py", line 119, in main
    cases_view.render(
  File "C:\Users\Truon\Documents\New project\views\cases.py", line 115, in render
    selected_case = case_table.render(db_path, records_db_path)
  File "C:\Users\Truon\Documents\New project\views\case_table.py", line 586, in render
    widths = _render_column_width_controls()
  File "C:\Users\Truon\Documents\New project\views\case_table.py", line 134, in _render_column_width_controls
    st.slider(
  File "C:\Users\Truon\Documents\New project\.venv\Lib\site-packages\streamlit\runtime\metrics_util.py", line 563, in wrapped_func
    result = non_optional_func(*args, **kwargs)
  File "C:\Users\Truon\Documents\New project\.venv\Lib\site-packages\streamlit\elements\widgets\slider.py", line 721, in slider
    return self._slider(
  File "C:\Users\Truon\Documents\New project\.venv\Lib\site-packages\streamlit\elements\widgets\slider.py", line 762, in _slider
    check_widget_policies(
  File "C:\Users\Truon\Documents\New project\.venv\Lib\site-packages\streamlit\elements\lib\policies.py", line 180, in check_widget_policies
    check_session_state_rules(
  File "C:\Users\Truon\Documents\New project\.venv\Lib\site-packages\streamlit\elements\lib\policies.py", line 91, in check_session_state_rules
    _LOGGER.warning(
2026-05-16 22:11:18.477 Please replace `use_container_width` with `width`.

`use_container_width` will be removed after 2025-12-31.

For `use_container_width=True`, use `width='stretch'`. For `use_container_width=False`, use `width='content'`.
2026-05-16 22:14:52.888 The widget with key "case_col_width_id" was created with a default value but also had its value set via the Session State API.
Stack (most recent call last):
  File "C:\Users\Truon\AppData\Local\Python\pythoncore-3.14-64\Lib\threading.py", line 1044, in _bootstrap
    self._bootstrap_inner()
  File "C:\Users\Truon\AppData\Local\Python\pythoncore-3.14-64\Lib\threading.py", line 1082, in _bootstrap_inner
    self._context.run(self.run)
  File "C:\Users\Truon\AppData\Local\Python\pythoncore-3.14-64\Lib\threading.py", line 1024, in run
    self._target(*self._args, **self._kwargs)
  File "C:\Users\Truon\Documents\New project\.venv\Lib\site-packages\streamlit\runtime\scriptrunner\script_runner.py", line 379, in _run_script_thread
    self._run_script(request.rerun_data)
  File "C:\Users\Truon\Documents\New project\.venv\Lib\site-packages\streamlit\runtime\scriptrunner\script_runner.py", line 705, in _run_script
    ) = exec_func_with_error_handling(code_to_exec, ctx)
  File "C:\Users\Truon\Documents\New project\.venv\Lib\site-packages\streamlit\runtime\scriptrunner\exec_code.py", line 129, in exec_func_with_error_handling
    result = func()
  File "C:\Users\Truon\Documents\New project\.venv\Lib\site-packages\streamlit\runtime\scriptrunner\script_runner.py", line 689, in code_to_exec
    exec(code, module.__dict__)  # noqa: S102
  File "C:\Users\Truon\Documents\New project\app.py", line 144, in <module>
    main()
  File "C:\Users\Truon\Documents\New project\app.py", line 119, in main
    cases_view.render(
  File "C:\Users\Truon\Documents\New project\views\cases.py", line 115, in render
    selected_case = case_table.render(db_path, records_db_path)
  File "C:\Users\Truon\Documents\New project\views\case_table.py", line 586, in render
    widths = _render_column_width_controls()
  File "C:\Users\Truon\Documents\New project\views\case_table.py", line 134, in _render_column_width_controls
    st.slider(
  File "C:\Users\Truon\Documents\New project\.venv\Lib\site-packages\streamlit\runtime\metrics_util.py", line 563, in wrapped_func
    result = non_optional_func(*args, **kwargs)
  File "C:\Users\Truon\Documents\New project\.venv\Lib\site-packages\streamlit\elements\widgets\slider.py", line 721, in slider
    return self._slider(
  File "C:\Users\Truon\Documents\New project\.venv\Lib\site-packages\streamlit\elements\widgets\slider.py", line 762, in _slider
    check_widget_policies(
  File "C:\Users\Truon\Documents\New project\.venv\Lib\site-packages\streamlit\elements\lib\policies.py", line 180, in check_widget_policies
    check_session_state_rules(
  File "C:\Users\Truon\Documents\New project\.venv\Lib\site-packages\streamlit\elements\lib\policies.py", line 91, in check_session_state_rules
    _LOGGER.warning(
2026-05-16 22:21:34.660 Please replace `use_container_width` with `width`.

`use_container_width` will be removed after 2025-12-31.

For `use_container_width=True`, use `width='stretch'`. For `use_container_width=False`, use `width='content'`.
2026-05-16 22:21:53.690 Please replace `use_container_width` with `width`.

`use_container_width` will be removed after 2025-12-31.

For `use_container_width=True`, use `width='stretch'`. For `use_container_width=False`, use `width='content'`.
2026-05-16 22:22:13.686 Please replace `use_container_width` with `width`.

`use_container_width` will be removed after 2025-12-31.

For `use_container_width=True`, use `width='stretch'`. For `use_container_width=False`, use `width='content'`.
2026-05-16 22:22:26.224 Please replace `use_container_width` with `width`.

`use_container_width` will be removed after 2025-12-31.

For `use_container_width=True`, use `width='stretch'`. For `use_container_width=False`, use `width='content'`.
2026-05-16 23:40:38.831 Please replace `use_container_width` with `width`.

`use_container_width` will be removed after 2025-12-31.

For `use_container_width=True`, use `width='stretch'`. For `use_container_width=False`, use `width='content'`.
2026-05-16 23:40:38.852 Please replace `use_container_width` with `width`.

`use_container_width` will be removed after 2025-12-31.

For `use_container_width=True`, use `width='stretch'`. For `use_container_width=False`, use `width='content'`.
2026-05-16 23:40:53.935 Please replace `use_container_width` with `width`.

`use_container_width` will be removed after 2025-12-31.

For `use_container_width=True`, use `width='stretch'`. For `use_container_width=False`, use `width='content'`.
2026-05-16 23:40:53.956 Please replace `use_container_width` with `width`.

`use_container_width` will be removed after 2025-12-31.

For `use_container_width=True`, use `width='stretch'`. For `use_container_width=False`, use `width='content'`.
2026-05-17 08:31:10.213 Please replace `use_container_width` with `width`.

`use_container_width` will be removed after 2025-12-31.

For `use_container_width=True`, use `width='stretch'`. For `use_container_width=False`, use `width='content'`.
2026-05-17 08:31:10.234 Please replace `use_container_width` with `width`.

`use_container_width` will be removed after 2025-12-31.

For `use_container_width=True`, use `width='stretch'`. For `use_container_width=False`, use `width='content'`.
2026-05-17 09:25:42.556 Please replace `use_container_width` with `width`.

`use_container_width` will be removed after 2025-12-31.

For `use_container_width=True`, use `width='stretch'`. For `use_container_width=False`, use `width='content'`.
2026-05-17 09:25:42.581 Please replace `use_container_width` with `width`.

`use_container_width` will be removed after 2025-12-31.

For `use_container_width=True`, use `width='stretch'`. For `use_container_width=False`, use `width='content'`.
2026-05-17 09:38:56.595 Please replace `use_container_width` with `width`.

`use_container_width` will be removed after 2025-12-31.

For `use_container_width=True`, use `width='stretch'`. For `use_container_width=False`, use `width='content'`.
2026-05-17 09:38:56.614 Please replace `use_container_width` with `width`.

`use_container_width` will be removed after 2025-12-31.

For `use_container_width=True`, use `width='stretch'`. For `use_container_width=False`, use `width='content'`.
2026-05-17 10:23:03.387 Please replace `use_container_width` with `width`.

`use_container_width` will be removed after 2025-12-31.

For `use_container_width=True`, use `width='stretch'`. For `use_container_width=False`, use `width='content'`.
2026-05-17 10:23:03.416 Please replace `use_container_width` with `width`.

`use_container_width` will be removed after 2025-12-31.

For `use_container_width=True`, use `width='stretch'`. For `use_container_width=False`, use `width='content'`.
2026-05-17 10:33:52.453 Please replace `use_container_width` with `width`.

`use_container_width` will be removed after 2025-12-31.

For `use_container_width=True`, use `width='stretch'`. For `use_container_width=False`, use `width='content'`.
2026-05-17 10:33:52.474 Please replace `use_container_width` with `width`.

`use_container_width` will be removed after 2025-12-31.

For `use_container_width=True`, use `width='stretch'`. For `use_container_width=False`, use `width='content'`.
2026-05-17 10:52:56.679 Please replace `use_container_width` with `width`.

`use_container_width` will be removed after 2025-12-31.

For `use_container_width=True`, use `width='stretch'`. For `use_container_width=False`, use `width='content'`.
2026-05-17 10:52:56.712 Please replace `use_container_width` with `width`.

`use_container_width` will be removed after 2025-12-31.

For `use_container_width=True`, use `width='stretch'`. For `use_container_width=False`, use `width='content'`.
2026-05-17 11:02:08.519 Please replace `use_container_width` with `width`.

`use_container_width` will be removed after 2025-12-31.

For `use_container_width=True`, use `width='stretch'`. For `use_container_width=False`, use `width='content'`.
2026-05-17 11:02:08.543 Please replace `use_container_width` with `width`.

`use_container_width` will be removed after 2025-12-31.

For `use_container_width=True`, use `width='stretch'`. For `use_container_width=False`, use `width='content'`.
2026-05-17 11:12:15.985 Please replace `use_container_width` with `width`.

`use_container_width` will be removed after 2025-12-31.

For `use_container_width=True`, use `width='stretch'`. For `use_container_width=False`, use `width='content'`.
2026-05-17 11:12:16.018 Please replace `use_container_width` with `width`.

`use_container_width` will be removed after 2025-12-31.

For `use_container_width=True`, use `width='stretch'`. For `use_container_width=False`, use `width='content'`.
2026-05-17 11:21:21.431 Please replace `use_container_width` with `width`.

`use_container_width` will be removed after 2025-12-31.

For `use_container_width=True`, use `width='stretch'`. For `use_container_width=False`, use `width='content'`.
2026-05-17 11:21:21.448 Please replace `use_container_width` with `width`.

`use_container_width` will be removed after 2025-12-31.

For `use_container_width=True`, use `width='stretch'`. For `use_container_width=False`, use `width='content'`.
2026-05-17 12:13:33.730 Please replace `use_container_width` with `width`.

`use_container_width` will be removed after 2025-12-31.

For `use_container_width=True`, use `width='stretch'`. For `use_container_width=False`, use `width='content'`.
2026-05-17 12:13:33.753 Please replace `use_container_width` with `width`.

`use_container_width` will be removed after 2025-12-31.

For `use_container_width=True`, use `width='stretch'`. For `use_container_width=False`, use `width='content'`.
2026-05-17 12:14:57.674 Please replace `use_container_width` with `width`.

`use_container_width` will be removed after 2025-12-31.

For `use_container_width=True`, use `width='stretch'`. For `use_container_width=False`, use `width='content'`.
2026-05-17 12:14:57.699 Please replace `use_container_width` with `width`.

`use_container_width` will be removed after 2025-12-31.

For `use_container_width=True`, use `width='stretch'`. For `use_container_width=False`, use `width='content'`.
2026-05-17 12:15:31.218 Please replace `use_container_width` with `width`.

`use_container_width` will be removed after 2025-12-31.

For `use_container_width=True`, use `width='stretch'`. For `use_container_width=False`, use `width='content'`.
2026-05-17 12:15:31.238 Please replace `use_container_width` with `width`.

`use_container_width` will be removed after 2025-12-31.

For `use_container_width=True`, use `width='stretch'`. For `use_container_width=False`, use `width='content'`.
2026-05-17 12:21:16.236 Please replace `use_container_width` with `width`.

`use_container_width` will be removed after 2025-12-31.

For `use_container_width=True`, use `width='stretch'`. For `use_container_width=False`, use `width='content'`.
2026-05-17 12:21:16.270 Please replace `use_container_width` with `width`.

`use_container_width` will be removed after 2025-12-31.

For `use_container_width=True`, use `width='stretch'`. For `use_container_width=False`, use `width='content'`.
2026-05-17 12:23:11.962 Please replace `use_container_width` with `width`.

`use_container_width` will be removed after 2025-12-31.

For `use_container_width=True`, use `width='stretch'`. For `use_container_width=False`, use `width='content'`.
2026-05-17 12:23:11.989 Please replace `use_container_width` with `width`.

`use_container_width` will be removed after 2025-12-31.

For `use_container_width=True`, use `width='stretch'`. For `use_container_width=False`, use `width='content'`.
2026-05-17 12:23:27.273 Please replace `use_container_width` with `width`.

`use_container_width` will be removed after 2025-12-31.

For `use_container_width=True`, use `width='stretch'`. For `use_container_width=False`, use `width='content'`.
2026-05-17 12:23:27.310 Please replace `use_container_width` with `width`.

`use_container_width` will be removed after 2025-12-31.

For `use_container_width=True`, use `width='stretch'`. For `use_container_width=False`, use `width='content'`.
2026-05-17 12:24:17.457 Please replace `use_container_width` with `width`.

`use_container_width` will be removed after 2025-12-31.

For `use_container_width=True`, use `width='stretch'`. For `use_container_width=False`, use `width='content'`.
2026-05-17 12:24:17.478 Please replace `use_container_width` with `width`.

`use_container_width` will be removed after 2025-12-31.

For `use_container_width=True`, use `width='stretch'`. For `use_container_width=False`, use `width='content'`.
2026-05-17 12:27:12.397 Please replace `use_container_width` with `width`.

`use_container_width` will be removed after 2025-12-31.

For `use_container_width=True`, use `width='stretch'`. For `use_container_width=False`, use `width='content'`.
2026-05-17 12:27:12.441 Please replace `use_container_width` with `width`.

`use_container_width` will be removed after 2025-12-31.

For `use_container_width=True`, use `width='stretch'`. For `use_container_width=False`, use `width='content'`.
2026-05-17 12:33:35.434 Please replace `use_container_width` with `width`.

`use_container_width` will be removed after 2025-12-31.

For `use_container_width=True`, use `width='stretch'`. For `use_container_width=False`, use `width='content'`.
2026-05-17 12:33:35.455 Please replace `use_container_width` with `width`.

`use_container_width` will be removed after 2025-12-31.

For `use_container_width=True`, use `width='stretch'`. For `use_container_width=False`, use `width='content'`.
2026-05-17 13:29:29.511 Please replace `use_container_width` with `width`.

`use_container_width` will be removed after 2025-12-31.

For `use_container_width=True`, use `width='stretch'`. For `use_container_width=False`, use `width='content'`.
2026-05-17 13:29:29.540 Please replace `use_container_width` with `width`.

`use_container_width` will be removed after 2025-12-31.

For `use_container_width=True`, use `width='stretch'`. For `use_container_width=False`, use `width='content'`.
2026-05-17 13:30:24.407 Please replace `use_container_width` with `width`.

`use_container_width` will be removed after 2025-12-31.

For `use_container_width=True`, use `width='stretch'`. For `use_container_width=False`, use `width='content'`.
2026-05-17 13:30:24.448 Please replace `use_container_width` with `width`.

`use_container_width` will be removed after 2025-12-31.

For `use_container_width=True`, use `width='stretch'`. For `use_container_width=False`, use `width='content'`.
2026-05-17 13:30:28.247 Please replace `use_container_width` with `width`.

`use_container_width` will be removed after 2025-12-31.

For `use_container_width=True`, use `width='stretch'`. For `use_container_width=False`, use `width='content'`.
2026-05-17 13:30:28.271 Please replace `use_container_width` with `width`.

`use_container_width` will be removed after 2025-12-31.

For `use_container_width=True`, use `width='stretch'`. For `use_container_width=False`, use `width='content'`.
2026-05-17 13:32:20.390 Please replace `use_container_width` with `width`.

`use_container_width` will be removed after 2025-12-31.

For `use_container_width=True`, use `width='stretch'`. For `use_container_width=False`, use `width='content'`.
2026-05-17 13:32:20.419 Please replace `use_container_width` with `width`.

`use_container_width` will be removed after 2025-12-31.

For `use_container_width=True`, use `width='stretch'`. For `use_container_width=False`, use `width='content'`.
2026-05-17 14:03:46.527 Please replace `use_container_width` with `width`.

`use_container_width` will be removed after 2025-12-31.

For `use_container_width=True`, use `width='stretch'`. For `use_container_width=False`, use `width='content'`.
2026-05-17 14:03:46.560 Please replace `use_container_width` with `width`.

`use_container_width` will be removed after 2025-12-31.

For `use_container_width=True`, use `width='stretch'`. For `use_container_width=False`, use `width='content'`.
2026-05-17 14:08:04.649 Please replace `use_container_width` with `width`.

`use_container_width` will be removed after 2025-12-31.

For `use_container_width=True`, use `width='stretch'`. For `use_container_width=False`, use `width='content'`.
2026-05-17 14:08:04.676 Please replace `use_container_width` with `width`.

`use_container_width` will be removed after 2025-12-31.

For `use_container_width=True`, use `width='stretch'`. For `use_container_width=False`, use `width='content'`.
2026-05-17 14:09:00.089 Please replace `use_container_width` with `width`.

`use_container_width` will be removed after 2025-12-31.

For `use_container_width=True`, use `width='stretch'`. For `use_container_width=False`, use `width='content'`.
2026-05-17 14:09:00.110 Please replace `use_container_width` with `width`.

`use_container_width` will be removed after 2025-12-31.

For `use_container_width=True`, use `width='stretch'`. For `use_container_width=False`, use `width='content'`.
2026-05-17 14:10:04.496 Please replace `use_container_width` with `width`.

`use_container_width` will be removed after 2025-12-31.

For `use_container_width=True`, use `width='stretch'`. For `use_container_width=False`, use `width='content'`.
2026-05-17 14:10:04.521 Please replace `use_container_width` with `width`.

`use_container_width` will be removed after 2025-12-31.

For `use_container_width=True`, use `width='stretch'`. For `use_container_width=False`, use `width='content'`.
2026-05-17 22:59:42.141 Please replace `use_container_width` with `width`.

`use_container_width` will be removed after 2025-12-31.

For `use_container_width=True`, use `width='stretch'`. For `use_container_width=False`, use `width='content'`.
Lỗi khi đọc file cấu hình OAuth2: Extra data: line 20 column 2 (char 864)
2026-05-23 08:42:46.485 304 GET /_stcore/health (127.0.0.1) 0.90ms
2026-05-23 08:42:46.497 304 GET /_stcore/host-config (127.0.0.1) 12.87ms
2026-05-23 08:42:47.731 101 GET /_stcore/stream (127.0.0.1) 0.63ms
2026-05-31 11:56:25.553 Please replace `st.components.v1.html` with `st.iframe`.

`st.components.v1.html` will be removed after 2026-06-01.
2026-05-31 11:56:32.273 Please replace `st.components.v1.html` with `st.iframe`.

`st.components.v1.html` will be removed after 2026-06-01.
2026-05-31 11:56:33.176 Please replace `st.components.v1.html` with `st.iframe`.

`st.components.v1.html` will be removed after 2026-06-01.
2026-05-31 11:57:15.889 Please replace `st.components.v1.html` with `st.iframe`.

`st.components.v1.html` will be removed after 2026-06-01.
2026-05-31 12:09:50.660 Please replace `st.components.v1.html` with `st.iframe`.

`st.components.v1.html` will be removed after 2026-06-01.
2026-05-31 12:09:59.493 Please replace `st.components.v1.html` with `st.iframe`.

`st.components.v1.html` will be removed after 2026-06-01.
2026-05-31 12:10:04.538 Please replace `st.components.v1.html` with `st.iframe`.

`st.components.v1.html` will be removed after 2026-06-01.
2026-05-31 12:10:05.450 Please replace `st.components.v1.html` with `st.iframe`.

`st.components.v1.html` will be removed after 2026-06-01.
2026-05-31 12:10:09.284 Please replace `st.components.v1.html` with `st.iframe`.

`st.components.v1.html` will be removed after 2026-06-01.
2026-05-31 12:10:10.269 Please replace `st.components.v1.html` with `st.iframe`.

`st.components.v1.html` will be removed after 2026-06-01.
2026-05-31 12:16:06.431 Please replace `st.components.v1.html` with `st.iframe`.

`st.components.v1.html` will be removed after 2026-06-01.
2026-05-31 12:16:07.395 Please replace `st.components.v1.html` with `st.iframe`.

`st.components.v1.html` will be removed after 2026-06-01.
2026-05-31 12:17:45.392 Please replace `st.components.v1.html` with `st.iframe`.

`st.components.v1.html` will be removed after 2026-06-01.
2026-05-31 12:17:46.335 Please replace `st.components.v1.html` with `st.iframe`.

`st.components.v1.html` will be removed after 2026-06-01.
2026-05-31 12:18:16.361 Please replace `st.components.v1.html` with `st.iframe`.

`st.components.v1.html` will be removed after 2026-06-01.
2026-05-31 12:19:28.493 Please replace `st.components.v1.html` with `st.iframe`.

`st.components.v1.html` will be removed after 2026-06-01.
2026-05-31 12:19:29.369 Please replace `st.components.v1.html` with `st.iframe`.

`st.components.v1.html` will be removed after 2026-06-01.
2026-05-31 12:25:45.869 Please replace `st.components.v1.html` with `st.iframe`.

`st.components.v1.html` will be removed after 2026-06-01.
2026-05-31 12:25:48.098 Please replace `st.components.v1.html` with `st.iframe`.

`st.components.v1.html` will be removed after 2026-06-01.
2026-05-31 12:25:48.960 Please replace `st.components.v1.html` with `st.iframe`.

`st.components.v1.html` will be removed after 2026-06-01.
2026-05-31 12:26:56.722 Please replace `st.components.v1.html` with `st.iframe`.

`st.components.v1.html` will be removed after 2026-06-01.
2026-05-31 12:27:10.032 Please replace `st.components.v1.html` with `st.iframe`.

`st.components.v1.html` will be removed after 2026-06-01.
2026-05-31 12:27:10.960 Please replace `st.components.v1.html` with `st.iframe`.

`st.components.v1.html` will be removed after 2026-06-01.
Lỗi khi đọc file cấu hình OAuth2: Extra data: line 20 column 2 (char 864)
2026-05-31 12:27:18.011 Please replace `st.components.v1.html` with `st.iframe`.

`st.components.v1.html` will be removed after 2026-06-01.
Lỗi khi đọc file cấu hình OAuth2: Extra data: line 20 column 2 (char 864)
2026-05-31 12:28:27.964 Please replace `st.components.v1.html` with `st.iframe`.

`st.components.v1.html` will be removed after 2026-06-01.
2026-05-31 12:28:28.065 Please replace `st.components.v1.html` with `st.iframe`.

`st.components.v1.html` will be removed after 2026-06-01.
2026-05-31 12:28:29.168 Please replace `st.components.v1.html` with `st.iframe`.

`st.components.v1.html` will be removed after 2026-06-01.
Lỗi khi đọc file cấu hình OAuth2: Extra data: line 20 column 2 (char 864)
2026-05-31 12:28:43.010 Please replace `st.components.v1.html` with `st.iframe`.

`st.components.v1.html` will be removed after 2026-06-01.
2026-05-31 12:28:43.870 Please replace `st.components.v1.html` with `st.iframe`.

`st.components.v1.html` will be removed after 2026-06-01.
2026-05-31 12:28:45.646 Please replace `st.components.v1.html` with `st.iframe`.

`st.components.v1.html` will be removed after 2026-06-01.
2026-05-31 12:28:46.516 Please replace `st.components.v1.html` with `st.iframe`.

`st.components.v1.html` will be removed after 2026-06-01.
2026-05-31 12:29:22.104 Please replace `st.components.v1.html` with `st.iframe`.

`st.components.v1.html` will be removed after 2026-06-01.
2026-05-31 12:29:32.195 Please replace `st.components.v1.html` with `st.iframe`.

`st.components.v1.html` will be removed after 2026-06-01.
2026-05-31 12:33:04.144 Please replace `st.components.v1.html` with `st.iframe`.

`st.components.v1.html` will be removed after 2026-06-01.
2026-05-31 12:33:06.688 Please replace `st.components.v1.html` with `st.iframe`.

`st.components.v1.html` will be removed after 2026-06-01.
2026-05-31 12:33:07.544 Please replace `st.components.v1.html` with `st.iframe`.

`st.components.v1.html` will be removed after 2026-06-01.
2026-05-31 12:33:24.870 Please replace `st.components.v1.html` with `st.iframe`.

`st.components.v1.html` will be removed after 2026-06-01.
2026-05-31 12:33:35.549 Please replace `st.components.v1.html` with `st.iframe`.

`st.components.v1.html` will be removed after 2026-06-01.
2026-05-31 12:33:38.338 Please replace `st.components.v1.html` with `st.iframe`.

`st.components.v1.html` will be removed after 2026-06-01.
2026-05-31 12:33:45.498 Please replace `st.components.v1.html` with `st.iframe`.

`st.components.v1.html` will be removed after 2026-06-01.
2026-05-31 14:09:59.635 Please replace `st.components.v1.html` with `st.iframe`.

`st.components.v1.html` will be removed after 2026-06-01.
2026-05-31 14:13:22.024 Please replace `st.components.v1.html` with `st.iframe`.

`st.components.v1.html` will be removed after 2026-06-01.
2026-05-31 14:13:22.893 Please replace `st.components.v1.html` with `st.iframe`.

`st.components.v1.html` will be removed after 2026-06-01.
2026-05-31 14:13:33.233 Please replace `st.components.v1.html` with `st.iframe`.

`st.components.v1.html` will be removed after 2026-06-01.
2026-05-31 14:13:39.396 Please replace `st.components.v1.html` with `st.iframe`.

`st.components.v1.html` will be removed after 2026-06-01.
2026-05-31 14:13:45.687 Please replace `st.components.v1.html` with `st.iframe`.

`st.components.v1.html` will be removed after 2026-06-01.
2026-05-31 14:13:58.110 Please replace `st.components.v1.html` with `st.iframe`.

`st.components.v1.html` will be removed after 2026-06-01.
2026-05-31 14:16:56.982 Please replace `st.components.v1.html` with `st.iframe`.

`st.components.v1.html` will be removed after 2026-06-01.
2026-05-31 14:17:03.497 Please replace `st.components.v1.html` with `st.iframe`.

`st.components.v1.html` will be removed after 2026-06-01.
2026-05-31 14:17:04.389 Please replace `st.components.v1.html` with `st.iframe`.

`st.components.v1.html` will be removed after 2026-06-01.
2026-05-31 14:17:10.489 Please replace `st.components.v1.html` with `st.iframe`.

`st.components.v1.html` will be removed after 2026-06-01.
2026-05-31 14:17:32.964 Please replace `st.components.v1.html` with `st.iframe`.

`st.components.v1.html` will be removed after 2026-06-01.
2026-05-31 14:17:45.040 Please replace `st.components.v1.html` with `st.iframe`.

`st.components.v1.html` will be removed after 2026-06-01.
2026-05-31 14:17:49.123 Please replace `st.components.v1.html` with `st.iframe`.

`st.components.v1.html` will be removed after 2026-06-01.
2026-06-01 18:49:28.433 Please replace `st.components.v1.html` with `st.iframe`.

`st.components.v1.html` will be removed after 2026-06-01.
2026-06-01 18:49:28.965 Please replace `st.components.v1.html` with `st.iframe`.

`st.components.v1.html` will be removed after 2026-06-01.
2026-06-01 18:49:32.515 Please replace `st.components.v1.html` with `st.iframe`.

`st.components.v1.html` will be removed after 2026-06-01.
2026-06-01 18:49:33.463 Please replace `st.components.v1.html` with `st.iframe`.

`st.components.v1.html` will be removed after 2026-06-01.
2026-06-01 18:49:38.514 Please replace `st.components.v1.html` with `st.iframe`.

`st.components.v1.html` will be removed after 2026-06-01.
Không xác nhận được tiêu đề trang 'Gửi Yêu Cầu Thẩm Định'. URL hiện tại: https://dinhgiav2.cenvalue.vn/#/form-customer — vui lòng kiểm tra thủ công.
Không tìm thấy ô Số hợp đồng trên form: Locator.fill: Timeout 5000ms exceeded.
Call log:
  - waiting for locator("//label[contains(text(), 'Số hợp đồng')]/following-sibling::*//input | //label[contains(text(), 'Số hợp đồng')]/..//input[not(@type='hidden')]").first
    - locator resolved to <input type="text" _ngcontent-c9="" name="hopDongMobi" id="input-hopDongMobi" placeholder="Nhập vào số hợp đồng" class="ng-untouched ng-pristine ng-valid"/>
    - fill("010/2026/N05-0853/DN")
  - attempting fill action
    2 × waiting for element to be visible, enabled and editable
      - element is not visible
    - retrying fill action
    - waiting 20ms
    2 × waiting for element to be visible, enabled and editable
      - element is not visible
    - retrying fill action
      - waiting 100ms
    10 × waiting for element to be visible, enabled and editable
       - element is not visible
     - retrying fill action
       - waiting 500ms

2026-06-01 18:51:07.224 Please replace `st.components.v1.html` with `st.iframe`.

`st.components.v1.html` will be removed after 2026-06-01.
2026-06-01 18:51:23.304 Please replace `st.components.v1.html` with `st.iframe`.

`st.components.v1.html` will be removed after 2026-06-01.
2026-06-01 18:51:24.206 Please replace `st.components.v1.html` with `st.iframe`.

`st.components.v1.html` will be removed after 2026-06-01.
2026-06-01 20:52:03.277 Please replace `st.components.v1.html` with `st.iframe`.

`st.components.v1.html` will be removed after 2026-06-01.
2026-06-01 20:52:04.231 Please replace `st.components.v1.html` with `st.iframe`.

`st.components.v1.html` will be removed after 2026-06-01.
2026-06-01 21:00:27.347 Please replace `st.components.v1.html` with `st.iframe`.

`st.components.v1.html` will be removed after 2026-06-01.
2026-06-01 21:00:28.336 Please replace `st.components.v1.html` with `st.iframe`.

`st.components.v1.html` will be removed after 2026-06-01.
2026-06-01 21:07:21.415 Please replace `st.components.v1.html` with `st.iframe`.

`st.components.v1.html` will be removed after 2026-06-01.
2026-06-01 21:07:22.301 Please replace `st.components.v1.html` with `st.iframe`.

`st.components.v1.html` will be removed after 2026-06-01.
2026-06-01 21:07:35.790 Uncaught app execution
Traceback (most recent call last):
  File "E:\New project\.venv\Lib\site-packages\streamlit\runtime\fragment.py", line 236, in wrapped_fragment
    result = non_optional_func(*args, **kwargs)
  File "E:\New project\.venv\Lib\site-packages\streamlit\elements\dialog_decorator.py", line 95, in dialog_content
    _ = non_optional_func(*args, **kwargs)
  File "E:\New project\views\case_dialogs.py", line 149, in open_case_edit_dialog
    contract_date = st.text_input(
        "Ngày hợp đồng",
    ...<4 lines>...
        args=(f"edit_contract_date_{suffix}",)
    )
  File "E:\New project\.venv\Lib\site-packages\streamlit\runtime\metrics_util.py", line 563, in wrapped_func
    result = non_optional_func(*args, **kwargs)
  File "E:\New project\.venv\Lib\site-packages\streamlit\elements\widgets\text_widgets.py", line 322, in text_input
    return self._text_input(
           ~~~~~~~~~~~~~~~~^
        label=label,
        ^^^^^^^^^^^^
    ...<15 lines>...
        ctx=ctx,
        ^^^^^^^^
    )
    ^
  File "E:\New project\.venv\Lib\site-packages\streamlit\elements\widgets\text_widgets.py", line 365, in _text_input
    check_widget_policies(
    ~~~~~~~~~~~~~~~~~~~~~^
        self.dg,
        ^^^^^^^^
    ...<2 lines>...
        default_value=None if value == "" else value,
        ^^^^^^^^^^^^^^^^^^^^^^^^^^^^^^^^^^^^^^^^^^^^^
    )
    ^
  File "E:\New project\.venv\Lib\site-packages\streamlit\elements\lib\policies.py", line 177, in check_widget_policies
    check_callback_rules(dg, on_change)
    ~~~~~~~~~~~~~~~~~~~~^^^^^^^^^^^^^^^
  File "E:\New project\.venv\Lib\site-packages\streamlit\elements\lib\policies.py", line 54, in check_callback_rules
    raise StreamlitInvalidFormCallbackError()
streamlit.errors.StreamlitInvalidFormCallbackError: Within a form, callbacks can only be defined on `st.form_submit_button`. Defining callbacks on other widgets inside a form is not allowed.
2026-06-01 21:07:35.855 Uncaught app execution
Traceback (most recent call last):
  File "E:\New project\.venv\Lib\site-packages\streamlit\runtime\fragment.py", line 236, in wrapped_fragment
    result = non_optional_func(*args, **kwargs)
  File "E:\New project\.venv\Lib\site-packages\streamlit\elements\dialog_decorator.py", line 95, in dialog_content
    _ = non_optional_func(*args, **kwargs)
  File "E:\New project\views\case_dialogs.py", line 149, in open_case_edit_dialog
    contract_date = st.text_input(
        "Ngày hợp đồng",
    ...<4 lines>...
        args=(f"edit_contract_date_{suffix}",)
    )
  File "E:\New project\.venv\Lib\site-packages\streamlit\runtime\metrics_util.py", line 563, in wrapped_func
    result = non_optional_func(*args, **kwargs)
  File "E:\New project\.venv\Lib\site-packages\streamlit\elements\widgets\text_widgets.py", line 322, in text_input
    return self._text_input(
           ~~~~~~~~~~~~~~~~^
        label=label,
        ^^^^^^^^^^^^
    ...<15 lines>...
        ctx=ctx,
        ^^^^^^^^
    )
    ^
  File "E:\New project\.venv\Lib\site-packages\streamlit\elements\widgets\text_widgets.py", line 365, in _text_input
    check_widget_policies(
    ~~~~~~~~~~~~~~~~~~~~~^
        self.dg,
        ^^^^^^^^
    ...<2 lines>...
        default_value=None if value == "" else value,
        ^^^^^^^^^^^^^^^^^^^^^^^^^^^^^^^^^^^^^^^^^^^^^
    )
    ^
  File "E:\New project\.venv\Lib\site-packages\streamlit\elements\lib\policies.py", line 177, in check_widget_policies
    check_callback_rules(dg, on_change)
    ~~~~~~~~~~~~~~~~~~~~^^^^^^^^^^^^^^^
  File "E:\New project\.venv\Lib\site-packages\streamlit\elements\lib\policies.py", line 54, in check_callback_rules
    raise StreamlitInvalidFormCallbackError()
streamlit.errors.StreamlitInvalidFormCallbackError: Within a form, callbacks can only be defined on `st.form_submit_button`. Defining callbacks on other widgets inside a form is not allowed.

During handling of the above exception, another exception occurred:

Traceback (most recent call last):
  File "E:\New project\.venv\Lib\site-packages\streamlit\runtime\fragment.py", line 236, in wrapped_fragment
    result = non_optional_func(*args, **kwargs)
  File "E:\New project\views\case_table.py", line 624, in _render_filtered_grid_fragment
    _render_case_grid(
    ~~~~~~~~~~~~~~~~~^
        db_path=db_path,
        ^^^^^^^^^^^^^^^^
    ...<5 lines>...
        organization_templates_dir=organization_templates_dir,
        ^^^^^^^^^^^^^^^^^^^^^^^^^^^^^^^^^^^^^^^^^^^^^^^^^^^^^^
    )
    ^
  File "E:\New project\views\case_table.py", line 569, in _render_case_grid
    _render_case_row(
    ~~~~~~~~~~~~~~~~^
        db_path=db_path,
        ^^^^^^^^^^^^^^^^
    ...<5 lines>...
        organization_templates_dir=organization_templates_dir,
        ^^^^^^^^^^^^^^^^^^^^^^^^^^^^^^^^^^^^^^^^^^^^^^^^^^^^^^
    )
    ^
  File "E:\New project\views\case_table.py", line 526, in _render_case_row
    open_case_edit_dialog(db_path, row_id)
    ~~~~~~~~~~~~~~~~~~~~~^^^^^^^^^^^^^^^^^
  File "E:\New project\.venv\Lib\site-packages\streamlit\elements\dialog_decorator.py", line 107, in wrap
    fragmented_dialog_content()
    ~~~~~~~~~~~~~~~~~~~~~~~~~^^
  File "E:\New project\.venv\Lib\site-packages\streamlit\runtime\fragment.py", line 268, in wrap
    return wrapped_fragment()
  File "E:\New project\.venv\Lib\site-packages\streamlit\runtime\fragment.py", line 253, in wrapped_fragment
    raise FragmentHandledException(e)
streamlit.errors.FragmentHandledException: Within a form, callbacks can only be defined on `st.form_submit_button`. Defining callbacks on other widgets inside a form is not allowed.
2026-06-01 21:07:39.551 Uncaught app execution
Traceback (most recent call last):
  File "E:\New project\.venv\Lib\site-packages\streamlit\runtime\fragment.py", line 236, in wrapped_fragment
    result = non_optional_func(*args, **kwargs)
  File "E:\New project\.venv\Lib\site-packages\streamlit\elements\dialog_decorator.py", line 95, in dialog_content
    _ = non_optional_func(*args, **kwargs)
  File "E:\New project\views\case_dialogs.py", line 149, in open_case_edit_dialog
    contract_date = st.text_input(
        "Ngày hợp đồng",
    ...<4 lines>...
        args=(f"edit_contract_date_{suffix}",)
    )
  File "E:\New project\.venv\Lib\site-packages\streamlit\runtime\metrics_util.py", line 563, in wrapped_func
    result = non_optional_func(*args, **kwargs)
  File "E:\New project\.venv\Lib\site-packages\streamlit\elements\widgets\text_widgets.py", line 322, in text_input
    return self._text_input(
           ~~~~~~~~~~~~~~~~^
        label=label,
        ^^^^^^^^^^^^
    ...<15 lines>...
        ctx=ctx,
        ^^^^^^^^
    )
    ^
  File "E:\New project\.venv\Lib\site-packages\streamlit\elements\widgets\text_widgets.py", line 365, in _text_input
    check_widget_policies(
    ~~~~~~~~~~~~~~~~~~~~~^
        self.dg,
        ^^^^^^^^
    ...<2 lines>...
        default_value=None if value == "" else value,
        ^^^^^^^^^^^^^^^^^^^^^^^^^^^^^^^^^^^^^^^^^^^^^
    )
    ^
  File "E:\New project\.venv\Lib\site-packages\streamlit\elements\lib\policies.py", line 177, in check_widget_policies
    check_callback_rules(dg, on_change)
    ~~~~~~~~~~~~~~~~~~~~^^^^^^^^^^^^^^^
  File "E:\New project\.venv\Lib\site-packages\streamlit\elements\lib\policies.py", line 54, in check_callback_rules
    raise StreamlitInvalidFormCallbackError()
streamlit.errors.StreamlitInvalidFormCallbackError: Within a form, callbacks can only be defined on `st.form_submit_button`. Defining callbacks on other widgets inside a form is not allowed.
2026-06-01 21:07:44.179 Please replace `st.components.v1.html` with `st.iframe`.

`st.components.v1.html` will be removed after 2026-06-01.
2026-06-01 21:07:47.263 Please replace `st.components.v1.html` with `st.iframe`.

`st.components.v1.html` will be removed after 2026-06-01.
2026-06-01 21:07:48.149 Please replace `st.components.v1.html` with `st.iframe`.

`st.components.v1.html` will be removed after 2026-06-01.
2026-06-01 21:07:53.267 Uncaught app execution
Traceback (most recent call last):
  File "E:\New project\.venv\Lib\site-packages\streamlit\runtime\fragment.py", line 236, in wrapped_fragment
    result = non_optional_func(*args, **kwargs)
  File "E:\New project\.venv\Lib\site-packages\streamlit\elements\dialog_decorator.py", line 95, in dialog_content
    _ = non_optional_func(*args, **kwargs)
  File "E:\New project\views\case_dialogs.py", line 149, in open_case_edit_dialog
    contract_date = st.text_input(
        "Ngày hợp đồng",
    ...<4 lines>...
        args=(f"edit_contract_date_{suffix}",)
    )
  File "E:\New project\.venv\Lib\site-packages\streamlit\runtime\metrics_util.py", line 563, in wrapped_func
    result = non_optional_func(*args, **kwargs)
  File "E:\New project\.venv\Lib\site-packages\streamlit\elements\widgets\text_widgets.py", line 322, in text_input
    return self._text_input(
           ~~~~~~~~~~~~~~~~^
        label=label,
        ^^^^^^^^^^^^
    ...<15 lines>...
        ctx=ctx,
        ^^^^^^^^
    )
    ^
  File "E:\New project\.venv\Lib\site-packages\streamlit\elements\widgets\text_widgets.py", line 365, in _text_input
    check_widget_policies(
    ~~~~~~~~~~~~~~~~~~~~~^
        self.dg,
        ^^^^^^^^
    ...<2 lines>...
        default_value=None if value == "" else value,
        ^^^^^^^^^^^^^^^^^^^^^^^^^^^^^^^^^^^^^^^^^^^^^
    )
    ^
  File "E:\New project\.venv\Lib\site-packages\streamlit\elements\lib\policies.py", line 177, in check_widget_policies
    check_callback_rules(dg, on_change)
    ~~~~~~~~~~~~~~~~~~~~^^^^^^^^^^^^^^^
  File "E:\New project\.venv\Lib\site-packages\streamlit\elements\lib\policies.py", line 54, in check_callback_rules
    raise StreamlitInvalidFormCallbackError()
streamlit.errors.StreamlitInvalidFormCallbackError: Within a form, callbacks can only be defined on `st.form_submit_button`. Defining callbacks on other widgets inside a form is not allowed.
2026-06-01 21:07:53.271 Uncaught app execution
Traceback (most recent call last):
  File "E:\New project\.venv\Lib\site-packages\streamlit\runtime\fragment.py", line 236, in wrapped_fragment
    result = non_optional_func(*args, **kwargs)
  File "E:\New project\.venv\Lib\site-packages\streamlit\elements\dialog_decorator.py", line 95, in dialog_content
    _ = non_optional_func(*args, **kwargs)
  File "E:\New project\views\case_dialogs.py", line 149, in open_case_edit_dialog
    contract_date = st.text_input(
        "Ngày hợp đồng",
    ...<4 lines>...
        args=(f"edit_contract_date_{suffix}",)
    )
  File "E:\New project\.venv\Lib\site-packages\streamlit\runtime\metrics_util.py", line 563, in wrapped_func
    result = non_optional_func(*args, **kwargs)
  File "E:\New project\.venv\Lib\site-packages\streamlit\elements\widgets\text_widgets.py", line 322, in text_input
    return self._text_input(
           ~~~~~~~~~~~~~~~~^
        label=label,
        ^^^^^^^^^^^^
    ...<15 lines>...
        ctx=ctx,
        ^^^^^^^^
    )
    ^
  File "E:\New project\.venv\Lib\site-packages\streamlit\elements\widgets\text_widgets.py", line 365, in _text_input
    check_widget_policies(
    ~~~~~~~~~~~~~~~~~~~~~^
        self.dg,
        ^^^^^^^^
    ...<2 lines>...
        default_value=None if value == "" else value,
        ^^^^^^^^^^^^^^^^^^^^^^^^^^^^^^^^^^^^^^^^^^^^^
    )
    ^
  File "E:\New project\.venv\Lib\site-packages\streamlit\elements\lib\policies.py", line 177, in check_widget_policies
    check_callback_rules(dg, on_change)
    ~~~~~~~~~~~~~~~~~~~~^^^^^^^^^^^^^^^
  File "E:\New project\.venv\Lib\site-packages\streamlit\elements\lib\policies.py", line 54, in check_callback_rules
    raise StreamlitInvalidFormCallbackError()
streamlit.errors.StreamlitInvalidFormCallbackError: Within a form, callbacks can only be defined on `st.form_submit_button`. Defining callbacks on other widgets inside a form is not allowed.

During handling of the above exception, another exception occurred:

Traceback (most recent call last):
  File "E:\New project\.venv\Lib\site-packages\streamlit\runtime\fragment.py", line 236, in wrapped_fragment
    result = non_optional_func(*args, **kwargs)
  File "E:\New project\views\case_table.py", line 624, in _render_filtered_grid_fragment
    _render_case_grid(
    ~~~~~~~~~~~~~~~~~^
        db_path=db_path,
        ^^^^^^^^^^^^^^^^
    ...<5 lines>...
        organization_templates_dir=organization_templates_dir,
        ^^^^^^^^^^^^^^^^^^^^^^^^^^^^^^^^^^^^^^^^^^^^^^^^^^^^^^
    )
    ^
  File "E:\New project\views\case_table.py", line 569, in _render_case_grid
    _render_case_row(
    ~~~~~~~~~~~~~~~~^
        db_path=db_path,
        ^^^^^^^^^^^^^^^^
    ...<5 lines>...
        organization_templates_dir=organization_templates_dir,
        ^^^^^^^^^^^^^^^^^^^^^^^^^^^^^^^^^^^^^^^^^^^^^^^^^^^^^^
    )
    ^
  File "E:\New project\views\case_table.py", line 526, in _render_case_row
    open_case_edit_dialog(db_path, row_id)
    ~~~~~~~~~~~~~~~~~~~~~^^^^^^^^^^^^^^^^^
  File "E:\New project\.venv\Lib\site-packages\streamlit\elements\dialog_decorator.py", line 107, in wrap
    fragmented_dialog_content()
    ~~~~~~~~~~~~~~~~~~~~~~~~~^^
  File "E:\New project\.venv\Lib\site-packages\streamlit\runtime\fragment.py", line 268, in wrap
    return wrapped_fragment()
  File "E:\New project\.venv\Lib\site-packages\streamlit\runtime\fragment.py", line 253, in wrapped_fragment
    raise FragmentHandledException(e)
streamlit.errors.FragmentHandledException: Within a form, callbacks can only be defined on `st.form_submit_button`. Defining callbacks on other widgets inside a form is not allowed.
2026-06-01 21:10:29.239 Please replace `st.components.v1.html` with `st.iframe`.

`st.components.v1.html` will be removed after 2026-06-01.
2026-06-01 21:10:32.384 Please replace `st.components.v1.html` with `st.iframe`.

`st.components.v1.html` will be removed after 2026-06-01.
2026-06-01 21:10:33.253 Please replace `st.components.v1.html` with `st.iframe`.

`st.components.v1.html` will be removed after 2026-06-01.
2026-06-01 21:17:39.924 Please replace `st.components.v1.html` with `st.iframe`.

`st.components.v1.html` will be removed after 2026-06-01.
2026-06-01 21:17:44.096 Please replace `st.components.v1.html` with `st.iframe`.

`st.components.v1.html` will be removed after 2026-06-01.
2026-06-01 21:17:44.965 Please replace `st.components.v1.html` with `st.iframe`.

`st.components.v1.html` will be removed after 2026-06-01.
2026-06-01 21:18:48.011 Please replace `st.components.v1.html` with `st.iframe`.

`st.components.v1.html` will be removed after 2026-06-01.
2026-06-01 21:53:15.502 Please replace `st.components.v1.html` with `st.iframe`.

`st.components.v1.html` will be removed after 2026-06-01.
2026-06-01 21:53:19.944 Please replace `st.components.v1.html` with `st.iframe`.

`st.components.v1.html` will be removed after 2026-06-01.
2026-06-01 21:53:20.848 Please replace `st.components.v1.html` with `st.iframe`.

`st.components.v1.html` will be removed after 2026-06-01.
2026-06-01 21:53:29.451 Please replace `st.components.v1.html` with `st.iframe`.

`st.components.v1.html` will be removed after 2026-06-01.
Lỗi khi đọc file cấu hình OAuth2: Extra data: line 20 column 2 (char 864)
Lỗi khi đọc file cấu hình OAuth2: Extra data: line 20 column 2 (char 864)
2026-06-01 21:53:32.690 Please replace `st.components.v1.html` with `st.iframe`.

`st.components.v1.html` will be removed after 2026-06-01.
