2026-05-10T12:43:58+07:00 [streamlit_app] RECORDS_DB_PATH=C:\Users\Truon\Documents\New project\data\telegram_records.db
2026-05-10T16:41:39+07:00 [streamlit_app] RECORDS_DB_PATH=C:\Users\Truon\Documents\New project\data\telegram_records.db
2026-05-10T16:41:43+07:00 [streamlit_app] RECORDS_DB_PATH=C:\Users\Truon\Documents\New project\data\telegram_records.db
2026-05-10T16:41:43+07:00 [telegram_server] RECORDS_DB_PATH=C:\Users\Truon\Documents\New project\data\telegram_records.db
2026-05-10T18:04:51+07:00 [streamlit_app] RECORDS_DB_PATH=C:\Users\Truon\Documents\New project\data\telegram_records.db
2026-05-10T18:04:52+07:00 [streamlit_app] RECORDS_DB_PATH=C:\Users\Truon\Documents\New project\data\telegram_records.db
2026-05-13T22:17:40+07:00 [mail_listener] RECORDS_DB_PATH=C:\Users\Truon\Documents\New project\data\telegram_records.db
2026-05-13T22:17:40+07:00 [telegram_server] RECORDS_DB_PATH=C:\Users\Truon\Documents\New project\data\telegram_records.db
2026-05-13T22:17:56+07:00 [streamlit_app] RECORDS_DB_PATH=C:\Users\Truon\Documents\New project\data\telegram_records.db
2026-05-13T22:17:56+07:00 [streamlit_app] RECORDS_DB_PATH=C:\Users\Truon\Documents\New project\data\telegram_records.db
2026-05-13T22:36:44+07:00 [streamlit_app] RECORDS_DB_PATH=C:\Users\Truon\Documents\New project\data\telegram_records.db
2026-05-13T22:38:56+07:00 [telegram_server] RECORDS_DB_PATH=C:\Users\Truon\Documents\New project\data\telegram_records.db
2026-05-13T22:42:37+07:00 [telegram_server] RECORDS_DB_PATH=C:\Users\Truon\Documents\New project\data\telegram_records.db
2026-05-13T22:46:39+07:00 [telegram_server] RECORDS_DB_PATH=C:\Users\Truon\Documents\New project\data\telegram_records.db
2026-05-13T23:32:51+07:00 [telegram_server] RECORDS_DB_PATH=C:\Users\Truon\Documents\New project\data\telegram_records.db
2026-05-13T23:36:30+07:00 [telegram_server] RECORDS_DB_PATH=C:\Users\Truon\Documents\New project\data\telegram_records.db
2026-05-13T23:41:42+07:00 [telegram_server] RECORDS_DB_PATH=C:\Users\Truon\Documents\New project\data\telegram_records.db
2026-05-13T23:46:33+07:00 [telegram_server] RECORDS_DB_PATH=C:\Users\Truon\Documents\New project\data\telegram_records.db
2026-05-14T11:56:32+07:00 [mail_listener] RECORDS_DB_PATH=C:\Users\Truon\Documents\New project\data\telegram_records.db
2026-05-14T11:56:32+07:00 [telegram_server] RECORDS_DB_PATH=C:\Users\Truon\Documents\New project\data\telegram_records.db
2026-05-14T11:56:55+07:00 [streamlit_app] RECORDS_DB_PATH=C:\Users\Truon\Documents\New project\data\telegram_records.db
2026-05-14T11:56:55+07:00 [streamlit_app] RECORDS_DB_PATH=C:\Users\Truon\Documents\New project\data\telegram_records.db
2026-05-14T11:56:55+07:00 [streamlit_app] RECORDS_DB_PATH=C:\Users\Truon\Documents\New project\data\telegram_records.db
2026-05-14T18:30:07+07:00 [telegram_server] RECORDS_DB_PATH=C:\Users\Truon\Documents\New project\data\telegram_records.db
2026-05-14T18:30:22+07:00 [streamlit_app] RECORDS_DB_PATH=C:\Users\Truon\Documents\New project\data\telegram_records.db
2026-05-14T18:30:22+07:00 [streamlit_app] RECORDS_DB_PATH=C:\Users\Truon\Documents\New project\data\telegram_records.db
2026-05-14T18:30:22+07:00 [streamlit_app] RECORDS_DB_PATH=C:\Users\Truon\Documents\New project\data\telegram_records.db
2026-05-14T18:30:23+07:00 [mail_listener] RECORDS_DB_PATH=C:\Users\Truon\Documents\New project\data\telegram_records.db
2026-05-14T18:30:23+07:00 [mail_listener] RECORDS_DB_PATH=C:\Users\Truon\Documents\New project\data\telegram_records.db
2026-05-14T18:30:23+07:00 [mail_listener] RECORDS_DB_PATH=C:\Users\Truon\Documents\New project\data\telegram_records.db
2026-05-14T18:30:24+07:00 [telegram_server] RECORDS_DB_PATH=C:\Users\Truon\Documents\New project\data\telegram_records.db
2026-05-14T18:30:24+07:00 [telegram_server] RECORDS_DB_PATH=C:\Users\Truon\Documents\New project\data\telegram_records.db
2026-05-14T18:30:24+07:00 [telegram_server] RECORDS_DB_PATH=C:\Users\Truon\Documents\New project\data\telegram_records.db
2026-05-14T18:30:35+07:00 [main] RECORDS_DB_PATH=C:\Users\Truon\Documents\New project\data\telegram_records.db
2026-05-14T18:30:35+07:00 [mail_listener] RECORDS_DB_PATH=C:\Users\Truon\Documents\New project\data\telegram_records.db
2026-05-14T18:30:37+07:00 [telegram_server] RECORDS_DB_PATH=C:\Users\Truon\Documents\New project\data\telegram_records.db
2026-05-14T18:30:40+07:00 [streamlit_app] RECORDS_DB_PATH=C:\Users\Truon\Documents\New project\data\telegram_records.db
2026-05-14T18:30:41+07:00 [mail_listener] RECORDS_DB_PATH=C:\Users\Truon\Documents\New project\data\telegram_records.db
2026-05-14T18:30:41+07:00 [telegram_server] RECORDS_DB_PATH=C:\Users\Truon\Documents\New project\data\telegram_records.db
2026-05-14T18:30:58+07:00 [main] RECORDS_DB_PATH=C:\Users\Truon\Documents\New project\data\telegram_records.db
2026-05-14T18:30:59+07:00 [mail_listener] RECORDS_DB_PATH=C:\Users\Truon\Documents\New project\data\telegram_records.db
2026-05-14T18:31:00+07:00 [telegram_server] RECORDS_DB_PATH=C:\Users\Truon\Documents\New project\data\telegram_records.db
2026-05-14T18:31:03+07:00 [streamlit_app] RECORDS_DB_PATH=C:\Users\Truon\Documents\New project\data\telegram_records.db
2026-05-14T18:31:04+07:00 [mail_listener] RECORDS_DB_PATH=C:\Users\Truon\Documents\New project\data\telegram_records.db
2026-05-14T18:31:04+07:00 [telegram_server] RECORDS_DB_PATH=C:\Users\Truon\Documents\New project\data\telegram_records.db
2026-05-14T18:35:22+07:00 [main] RECORDS_DB_PATH=C:\Users\Truon\Documents\New project\data\telegram_records.db
2026-05-14T18:35:22+07:00 [mail_listener] RECORDS_DB_PATH=C:\Users\Truon\Documents\New project\data\telegram_records.db
2026-05-14T18:35:25+07:00 [telegram_server] RECORDS_DB_PATH=C:\Users\Truon\Documents\New project\data\telegram_records.db
2026-05-14T18:35:27+07:00 [streamlit_app] RECORDS_DB_PATH=C:\Users\Truon\Documents\New project\data\telegram_records.db
2026-05-14T18:35:28+07:00 [mail_listener] RECORDS_DB_PATH=C:\Users\Truon\Documents\New project\data\telegram_records.db
2026-05-14T18:35:29+07:00 [telegram_server] RECORDS_DB_PATH=C:\Users\Truon\Documents\New project\data\telegram_records.db
2026-05-14T18:36:38+07:00 [main] RECORDS_DB_PATH=C:\Users\Truon\Documents\New project\data\telegram_records.db
2026-05-14T18:36:38+07:00 [mail_listener] RECORDS_DB_PATH=C:\Users\Truon\Documents\New project\data\telegram_records.db
2026-05-14T18:36:40+07:00 [telegram_server] RECORDS_DB_PATH=C:\Users\Truon\Documents\New project\data\telegram_records.db
2026-05-14T18:36:43+07:00 [streamlit_app] RECORDS_DB_PATH=C:\Users\Truon\Documents\New project\data\telegram_records.db
2026-05-14T18:36:44+07:00 [mail_listener] RECORDS_DB_PATH=C:\Users\Truon\Documents\New project\data\telegram_records.db
2026-05-14T18:36:44+07:00 [telegram_server] RECORDS_DB_PATH=C:\Users\Truon\Documents\New project\data\telegram_records.db
2026-05-14T18:37:15+07:00 [main] RECORDS_DB_PATH=C:\Users\Truon\Documents\New project\data\telegram_records.db
2026-05-14T18:37:16+07:00 [mail_listener] RECORDS_DB_PATH=C:\Users\Truon\Documents\New project\data\telegram_records.db
2026-05-14T18:37:18+07:00 [telegram_server] RECORDS_DB_PATH=C:\Users\Truon\Documents\New project\data\telegram_records.db
2026-05-14T18:37:21+07:00 [streamlit_app] RECORDS_DB_PATH=C:\Users\Truon\Documents\New project\data\telegram_records.db
2026-05-14T18:37:23+07:00 [mail_listener] RECORDS_DB_PATH=C:\Users\Truon\Documents\New project\data\telegram_records.db
2026-05-14T18:37:23+07:00 [telegram_server] RECORDS_DB_PATH=C:\Users\Truon\Documents\New project\data\telegram_records.db
2026-05-14T18:40:45+07:00 [mail_listener] RECORDS_DB_PATH=C:\Users\Truon\Documents\New project\data\telegram_records.db
2026-05-14T18:40:45+07:00 [telegram_server] RECORDS_DB_PATH=C:\Users\Truon\Documents\New project\data\telegram_records.db
2026-05-14T18:40:49+07:00 [streamlit_app] RECORDS_DB_PATH=C:\Users\Truon\Documents\New project\data\telegram_records.db
2026-05-14T18:44:37+07:00 [mail_listener] RECORDS_DB_PATH=C:\Users\Truon\Documents\New project\data\telegram_records.db
2026-05-14T18:44:37+07:00 [telegram_server] RECORDS_DB_PATH=C:\Users\Truon\Documents\New project\data\telegram_records.db
2026-05-14T18:44:41+07:00 [streamlit_app] RECORDS_DB_PATH=C:\Users\Truon\Documents\New project\data\telegram_records.db
2026-05-14T18:50:39+07:00 [streamlit_app] RECORDS_DB_PATH=C:\Users\Truon\Documents\New project\data\telegram_records.db
2026-05-14T18:51:42+07:00 [mail_listener] RECORDS_DB_PATH=C:\Users\Truon\Documents\New project\data\telegram_records.db
2026-05-14T18:51:42+07:00 [telegram_server] RECORDS_DB_PATH=C:\Users\Truon\Documents\New project\data\telegram_records.db
2026-05-14T18:51:46+07:00 [streamlit_app] RECORDS_DB_PATH=C:\Users\Truon\Documents\New project\data\telegram_records.db
2026-05-14T19:05:36+07:00 [telegram_server] RECORDS_DB_PATH=C:\Users\Truon\Documents\New project\data\telegram_records.db
2026-05-14T20:19:11+07:00 [streamlit_app] RECORDS_DB_PATH=C:\Users\Truon\Documents\New project\data\telegram_records.db
2026-05-15T12:04:21+07:00 [mail_listener] RECORDS_DB_PATH=C:\Users\Truon\Documents\New project\data\telegram_records.db
2026-05-15T12:04:21+07:00 [telegram_server] RECORDS_DB_PATH=C:\Users\Truon\Documents\New project\data\telegram_records.db
2026-05-15T12:04:34+07:00 [streamlit_app] RECORDS_DB_PATH=C:\Users\Truon\Documents\New project\data\telegram_records.db
2026-05-15T12:04:34+07:00 [streamlit_app] RECORDS_DB_PATH=C:\Users\Truon\Documents\New project\data\telegram_records.db
2026-05-15T12:04:34+07:00 [streamlit_app] RECORDS_DB_PATH=C:\Users\Truon\Documents\New project\data\telegram_records.db
2026-05-15T12:04:34+07:00 [streamlit_app] RECORDS_DB_PATH=C:\Users\Truon\Documents\New project\data\telegram_records.db
2026-05-15T12:43:25+07:00 [mail_listener] RECORDS_DB_PATH=C:\Users\Truon\Documents\New project\data\telegram_records.db
2026-05-15T12:43:25+07:00 [telegram_server] RECORDS_DB_PATH=C:\Users\Truon\Documents\New project\data\telegram_records.db
2026-05-15T12:43:25+07:00 [streamlit_app] RECORDS_DB_PATH=C:\Users\Truon\Documents\New project\data\telegram_records.db
2026-05-15T15:49:18+07:00 [mail_service] RECORDS_DB_PATH=C:\Users\Truon\Documents\New project\data\telegram_records.db
2026-05-15T16:06:50+07:00 [streamlit_app] RECORDS_DB_PATH=C:\Users\Truon\Documents\New project\data\telegram_records.db
2026-05-15T16:07:35+07:00 [mail_service] RECORDS_DB_PATH=C:\Users\Truon\Documents\New project\data\telegram_records.db
2026-05-15T16:30:47+07:00 [main] RECORDS_DB_PATH=C:\Users\Truon\Documents\New project\data\telegram_records.db
2026-05-15T16:30:47+07:00 [mail_listener] RECORDS_DB_PATH=C:\Users\Truon\Documents\New project\data\telegram_records.db
2026-05-15T16:30:49+07:00 [telegram_server] RECORDS_DB_PATH=C:\Users\Truon\Documents\New project\data\telegram_records.db
2026-05-15T16:37:21+07:00 [mail_service] RECORDS_DB_PATH=C:\Users\Truon\Documents\New project\data\telegram_records.db
2026-05-15T16:51:08+07:00 [main] RECORDS_DB_PATH=C:\Users\Truon\Documents\New project\data\telegram_records.db
2026-05-15T16:51:08+07:00 [mail_listener] RECORDS_DB_PATH=C:\Users\Truon\Documents\New project\data\telegram_records.db
2026-05-15T16:51:10+07:00 [telegram_server] RECORDS_DB_PATH=C:\Users\Truon\Documents\New project\data\telegram_records.db
2026-05-15T16:51:13+07:00 [streamlit_app] RECORDS_DB_PATH=C:\Users\Truon\Documents\New project\data\telegram_records.db
2026-05-15T16:51:14+07:00 [mail_listener] RECORDS_DB_PATH=C:\Users\Truon\Documents\New project\data\telegram_records.db
2026-05-15T16:51:15+07:00 [telegram_server] RECORDS_DB_PATH=C:\Users\Truon\Documents\New project\data\telegram_records.db
2026-05-15T16:51:47+07:00 [streamlit_app] RECORDS_DB_PATH=C:\Users\Truon\Documents\New project\data\telegram_records.db
2026-05-15T16:51:48+07:00 [telegram_server] RECORDS_DB_PATH=C:\Users\Truon\Documents\New project\data\telegram_records.db
2026-05-15T16:52:03+07:00 [main] RECORDS_DB_PATH=C:\Users\Truon\Documents\New project\data\telegram_records.db
2026-05-15T16:52:03+07:00 [mail_listener] RECORDS_DB_PATH=C:\Users\Truon\Documents\New project\data\telegram_records.db
2026-05-15T16:52:06+07:00 [telegram_server] RECORDS_DB_PATH=C:\Users\Truon\Documents\New project\data\telegram_records.db
2026-05-15T16:52:08+07:00 [streamlit_app] RECORDS_DB_PATH=C:\Users\Truon\Documents\New project\data\telegram_records.db
2026-05-15T16:52:09+07:00 [mail_listener] RECORDS_DB_PATH=C:\Users\Truon\Documents\New project\data\telegram_records.db
2026-05-15T16:52:10+07:00 [telegram_server] RECORDS_DB_PATH=C:\Users\Truon\Documents\New project\data\telegram_records.db
2026-05-15T16:58:07+07:00 [main] RECORDS_DB_PATH=C:\Users\Truon\Documents\New project\data\telegram_records.db
2026-05-15T16:58:08+07:00 [mail_listener] RECORDS_DB_PATH=C:\Users\Truon\Documents\New project\data\telegram_records.db
2026-05-15T16:58:10+07:00 [telegram_server] RECORDS_DB_PATH=C:\Users\Truon\Documents\New project\data\telegram_records.db
2026-05-15T16:58:13+07:00 [streamlit_app] RECORDS_DB_PATH=C:\Users\Truon\Documents\New project\data\telegram_records.db
2026-05-15T16:58:14+07:00 [mail_listener] RECORDS_DB_PATH=C:\Users\Truon\Documents\New project\data\telegram_records.db
2026-05-15T16:58:14+07:00 [telegram_server] RECORDS_DB_PATH=C:\Users\Truon\Documents\New project\data\telegram_records.db
2026-05-15T17:12:37+07:00 [main] RECORDS_DB_PATH=C:\Users\Truon\Documents\New project\data\telegram_records.db
2026-05-15T17:12:37+07:00 [mail_listener] RECORDS_DB_PATH=C:\Users\Truon\Documents\New project\data\telegram_records.db
2026-05-15T17:15:16+07:00 [mail_listener] RECORDS_DB_PATH=C:\Users\Truon\Documents\New project\data\telegram_records.db
2026-05-15T17:15:20+07:00 [streamlit_app] RECORDS_DB_PATH=C:\Users\Truon\Documents\New project\data\telegram_records.db
2026-05-15T17:15:20+07:00 [streamlit_app] RECORDS_DB_PATH=C:\Users\Truon\Documents\New project\data\telegram_records.db
2026-05-15T17:18:36+07:00 [main] RECORDS_DB_PATH=C:\Users\Truon\Documents\New project\data\telegram_records.db
2026-05-15T17:18:36+07:00 [mail_listener] RECORDS_DB_PATH=C:\Users\Truon\Documents\New project\data\telegram_records.db
2026-05-15T17:18:39+07:00 [telegram_server] RECORDS_DB_PATH=C:\Users\Truon\Documents\New project\data\telegram_records.db
2026-05-15T17:18:41+07:00 [streamlit_app] RECORDS_DB_PATH=C:\Users\Truon\Documents\New project\data\telegram_records.db
2026-05-15T17:18:42+07:00 [mail_listener] RECORDS_DB_PATH=C:\Users\Truon\Documents\New project\data\telegram_records.db
2026-05-15T17:18:42+07:00 [telegram_server] RECORDS_DB_PATH=C:\Users\Truon\Documents\New project\data\telegram_records.db
2026-05-15T17:18:51+07:00 [main] RECORDS_DB_PATH=C:\Users\Truon\Documents\New project\data\telegram_records.db
2026-05-15T17:18:52+07:00 [mail_listener] RECORDS_DB_PATH=C:\Users\Truon\Documents\New project\data\telegram_records.db
2026-05-15T17:18:54+07:00 [telegram_server] RECORDS_DB_PATH=C:\Users\Truon\Documents\New project\data\telegram_records.db
2026-05-15T17:18:56+07:00 [streamlit_app] RECORDS_DB_PATH=C:\Users\Truon\Documents\New project\data\telegram_records.db
2026-05-15T17:18:57+07:00 [mail_listener] RECORDS_DB_PATH=C:\Users\Truon\Documents\New project\data\telegram_records.db
2026-05-15T17:18:58+07:00 [telegram_server] RECORDS_DB_PATH=C:\Users\Truon\Documents\New project\data\telegram_records.db
2026-05-15T17:22:53+07:00 [main] RECORDS_DB_PATH=C:\Users\Truon\Documents\New project\data\telegram_records.db
2026-05-15T17:22:53+07:00 [mail_listener] RECORDS_DB_PATH=C:\Users\Truon\Documents\New project\data\telegram_records.db
2026-05-15T17:22:55+07:00 [telegram_server] RECORDS_DB_PATH=C:\Users\Truon\Documents\New project\data\telegram_records.db
2026-05-15T17:22:58+07:00 [streamlit_app] RECORDS_DB_PATH=C:\Users\Truon\Documents\New project\data\telegram_records.db
2026-05-15T17:22:59+07:00 [mail_listener] RECORDS_DB_PATH=C:\Users\Truon\Documents\New project\data\telegram_records.db
2026-05-15T17:22:59+07:00 [telegram_server] RECORDS_DB_PATH=C:\Users\Truon\Documents\New project\data\telegram_records.db
2026-05-15T17:27:52+07:00 [main] RECORDS_DB_PATH=C:\Users\Truon\Documents\New project\data\telegram_records.db
2026-05-15T17:27:52+07:00 [mail_listener] RECORDS_DB_PATH=C:\Users\Truon\Documents\New project\data\telegram_records.db
2026-05-15T17:27:54+07:00 [telegram_server] RECORDS_DB_PATH=C:\Users\Truon\Documents\New project\data\telegram_records.db
2026-05-15T17:27:57+07:00 [streamlit_app] RECORDS_DB_PATH=C:\Users\Truon\Documents\New project\data\telegram_records.db
2026-05-15T17:27:58+07:00 [mail_listener] RECORDS_DB_PATH=C:\Users\Truon\Documents\New project\data\telegram_records.db
2026-05-15T17:27:58+07:00 [telegram_server] RECORDS_DB_PATH=C:\Users\Truon\Documents\New project\data\telegram_records.db
2026-05-15T17:35:17+07:00 [main] RECORDS_DB_PATH=C:\Users\Truon\Documents\New project\data\telegram_records.db
2026-05-15T17:35:17+07:00 [mail_listener] RECORDS_DB_PATH=C:\Users\Truon\Documents\New project\data\telegram_records.db
2026-05-15T17:35:19+07:00 [telegram_server] RECORDS_DB_PATH=C:\Users\Truon\Documents\New project\data\telegram_records.db
2026-05-15T17:35:22+07:00 [streamlit_app] RECORDS_DB_PATH=C:\Users\Truon\Documents\New project\data\telegram_records.db
2026-05-15T17:35:23+07:00 [mail_listener] RECORDS_DB_PATH=C:\Users\Truon\Documents\New project\data\telegram_records.db
2026-05-15T17:35:23+07:00 [telegram_server] RECORDS_DB_PATH=C:\Users\Truon\Documents\New project\data\telegram_records.db
2026-05-15T18:34:59+07:00 [main] RECORDS_DB_PATH=C:\Users\Truon\Documents\New project\data\telegram_records.db
2026-05-15T18:35:00+07:00 [mail_listener] RECORDS_DB_PATH=C:\Users\Truon\Documents\New project\data\telegram_records.db
2026-05-15T18:35:02+07:00 [telegram_server] RECORDS_DB_PATH=C:\Users\Truon\Documents\New project\data\telegram_records.db
2026-05-15T18:35:05+07:00 [streamlit_app] RECORDS_DB_PATH=C:\Users\Truon\Documents\New project\data\telegram_records.db
2026-05-15T18:35:06+07:00 [mail_listener] RECORDS_DB_PATH=C:\Users\Truon\Documents\New project\data\telegram_records.db
2026-05-15T18:35:06+07:00 [telegram_server] RECORDS_DB_PATH=C:\Users\Truon\Documents\New project\data\telegram_records.db
2026-05-15T18:42:23+07:00 [main] RECORDS_DB_PATH=C:\Users\Truon\Documents\New project\data\telegram_records.db
2026-05-15T18:42:23+07:00 [mail_listener] RECORDS_DB_PATH=C:\Users\Truon\Documents\New project\data\telegram_records.db
2026-05-15T18:42:25+07:00 [telegram_server] RECORDS_DB_PATH=C:\Users\Truon\Documents\New project\data\telegram_records.db
2026-05-15T18:42:28+07:00 [streamlit_app] RECORDS_DB_PATH=C:\Users\Truon\Documents\New project\data\telegram_records.db
2026-05-15T18:42:29+07:00 [mail_listener] RECORDS_DB_PATH=C:\Users\Truon\Documents\New project\data\telegram_records.db
2026-05-15T18:42:29+07:00 [telegram_server] RECORDS_DB_PATH=C:\Users\Truon\Documents\New project\data\telegram_records.db
2026-05-15T19:07:53+07:00 [mail_listener] RECORDS_DB_PATH=C:\Users\Truon\Documents\New project\data\telegram_records.db
2026-05-15T19:07:53+07:00 [telegram_server] RECORDS_DB_PATH=C:\Users\Truon\Documents\New project\data\telegram_records.db
2026-05-15T19:13:26+07:00 [telegram_server] RECORDS_DB_PATH=C:\Users\Truon\Documents\New project\data\telegram_records.db
2026-05-15T19:14:53+07:00 [telegram_server] RECORDS_DB_PATH=C:\Users\Truon\Documents\New project\data\telegram_records.db
2026-05-15T19:26:55+07:00 [mail_listener] RECORDS_DB_PATH=C:\Users\Truon\Documents\New project\data\telegram_records.db
2026-05-15T19:26:55+07:00 [telegram_server] RECORDS_DB_PATH=C:\Users\Truon\Documents\New project\data\telegram_records.db
2026-05-15T19:27:30+07:00 [mail_listener] RECORDS_DB_PATH=C:\Users\Truon\Documents\New project\data\telegram_records.db
2026-05-15T19:27:30+07:00 [telegram_server] RECORDS_DB_PATH=C:\Users\Truon\Documents\New project\data\telegram_records.db
2026-05-15T19:29:29+07:00 [streamlit_app] RECORDS_DB_PATH=C:\Users\Truon\Documents\New project\data\telegram_records.db
2026-05-15T19:29:29+07:00 [streamlit_app] RECORDS_DB_PATH=C:\Users\Truon\Documents\New project\data\telegram_records.db
2026-05-15T19:29:29+07:00 [streamlit_app] RECORDS_DB_PATH=C:\Users\Truon\Documents\New project\data\telegram_records.db
2026-05-15T19:29:48+07:00 [streamlit_app] RECORDS_DB_PATH=C:\Users\Truon\Documents\New project\data\telegram_records.db
2026-05-15T19:30:56+07:00 [streamlit_app] RECORDS_DB_PATH=C:\Users\Truon\Documents\New project\data\telegram_records.db
2026-05-15T19:31:02+07:00 [streamlit_app] RECORDS_DB_PATH=C:\Users\Truon\Documents\New project\data\telegram_records.db
2026-05-15T19:31:11+07:00 [streamlit_app] RECORDS_DB_PATH=C:\Users\Truon\Documents\New project\data\telegram_records.db
2026-05-15T19:31:40+07:00 [streamlit_app] RECORDS_DB_PATH=C:\Users\Truon\Documents\New project\data\telegram_records.db
2026-05-15T21:07:23+07:00 [streamlit_app] RECORDS_DB_PATH=C:\Users\Truon\Documents\New project\data\telegram_records.db
2026-05-15T21:07:57+07:00 [streamlit_app] RECORDS_DB_PATH=C:\Users\Truon\Documents\New project\data\telegram_records.db
2026-05-15T21:08:00+07:00 [streamlit_app] RECORDS_DB_PATH=C:\Users\Truon\Documents\New project\data\telegram_records.db
2026-05-15T21:08:08+07:00 [streamlit_app] RECORDS_DB_PATH=C:\Users\Truon\Documents\New project\data\telegram_records.db
2026-05-15T21:08:17+07:00 [streamlit_app] RECORDS_DB_PATH=C:\Users\Truon\Documents\New project\data\telegram_records.db
2026-05-15T21:08:19+07:00 [streamlit_app] RECORDS_DB_PATH=C:\Users\Truon\Documents\New project\data\telegram_records.db
2026-05-15T21:08:26+07:00 [streamlit_app] RECORDS_DB_PATH=C:\Users\Truon\Documents\New project\data\telegram_records.db
2026-05-15T21:08:34+07:00 [streamlit_app] RECORDS_DB_PATH=C:\Users\Truon\Documents\New project\data\telegram_records.db
2026-05-15T21:08:36+07:00 [streamlit_app] RECORDS_DB_PATH=C:\Users\Truon\Documents\New project\data\telegram_records.db
2026-05-15T21:08:44+07:00 [streamlit_app] RECORDS_DB_PATH=C:\Users\Truon\Documents\New project\data\telegram_records.db
2026-05-15T21:09:21+07:00 [streamlit_app] RECORDS_DB_PATH=C:\Users\Truon\Documents\New project\data\telegram_records.db
2026-05-15T21:09:25+07:00 [streamlit_app] RECORDS_DB_PATH=C:\Users\Truon\Documents\New project\data\telegram_records.db
2026-05-15T21:09:32+07:00 [streamlit_app] RECORDS_DB_PATH=C:\Users\Truon\Documents\New project\data\telegram_records.db
2026-05-15T21:09:43+07:00 [streamlit_app] RECORDS_DB_PATH=C:\Users\Truon\Documents\New project\data\telegram_records.db
2026-05-15T21:09:46+07:00 [streamlit_app] RECORDS_DB_PATH=C:\Users\Truon\Documents\New project\data\telegram_records.db
2026-05-15T21:09:53+07:00 [streamlit_app] RECORDS_DB_PATH=C:\Users\Truon\Documents\New project\data\telegram_records.db
2026-05-15T21:10:07+07:00 [streamlit_app] RECORDS_DB_PATH=C:\Users\Truon\Documents\New project\data\telegram_records.db
2026-05-15T21:10:11+07:00 [streamlit_app] RECORDS_DB_PATH=C:\Users\Truon\Documents\New project\data\telegram_records.db
2026-05-15T21:10:19+07:00 [streamlit_app] RECORDS_DB_PATH=C:\Users\Truon\Documents\New project\data\telegram_records.db
2026-05-15T21:10:30+07:00 [streamlit_app] RECORDS_DB_PATH=C:\Users\Truon\Documents\New project\data\telegram_records.db
2026-05-15T21:10:33+07:00 [streamlit_app] RECORDS_DB_PATH=C:\Users\Truon\Documents\New project\data\telegram_records.db
2026-05-15T21:10:41+07:00 [streamlit_app] RECORDS_DB_PATH=C:\Users\Truon\Documents\New project\data\telegram_records.db
2026-05-15T21:11:27+07:00 [streamlit_app] RECORDS_DB_PATH=C:\Users\Truon\Documents\New project\data\telegram_records.db
2026-05-15T21:11:30+07:00 [streamlit_app] RECORDS_DB_PATH=C:\Users\Truon\Documents\New project\data\telegram_records.db
2026-05-15T21:11:37+07:00 [streamlit_app] RECORDS_DB_PATH=C:\Users\Truon\Documents\New project\data\telegram_records.db
2026-05-15T21:11:56+07:00 [streamlit_app] RECORDS_DB_PATH=C:\Users\Truon\Documents\New project\data\telegram_records.db
2026-05-15T21:12:04+07:00 [streamlit_app] RECORDS_DB_PATH=C:\Users\Truon\Documents\New project\data\telegram_records.db
2026-05-15T21:17:00+07:00 [streamlit_app] RECORDS_DB_PATH=C:\Users\Truon\Documents\New project\data\telegram_records.db
2026-05-15T21:17:17+07:00 [streamlit_app] RECORDS_DB_PATH=C:\Users\Truon\Documents\New project\data\telegram_records.db
2026-05-15T21:17:24+07:00 [streamlit_app] RECORDS_DB_PATH=C:\Users\Truon\Documents\New project\data\telegram_records.db
2026-05-15T21:17:40+07:00 [streamlit_app] RECORDS_DB_PATH=C:\Users\Truon\Documents\New project\data\telegram_records.db
2026-05-15T21:18:24+07:00 [streamlit_app] RECORDS_DB_PATH=C:\Users\Truon\Documents\New project\data\telegram_records.db
2026-05-15T21:18:32+07:00 [streamlit_app] RECORDS_DB_PATH=C:\Users\Truon\Documents\New project\data\telegram_records.db
2026-05-15T21:18:45+07:00 [streamlit_app] RECORDS_DB_PATH=C:\Users\Truon\Documents\New project\data\telegram_records.db
2026-05-15T21:28:03+07:00 [streamlit_app] RECORDS_DB_PATH=C:\Users\Truon\Documents\New project\data\telegram_records.db
2026-05-15T21:28:26+07:00 [streamlit_app] RECORDS_DB_PATH=C:\Users\Truon\Documents\New project\data\telegram_records.db
2026-05-15T21:28:29+07:00 [streamlit_app] RECORDS_DB_PATH=C:\Users\Truon\Documents\New project\data\telegram_records.db
2026-05-15T21:28:37+07:00 [streamlit_app] RECORDS_DB_PATH=C:\Users\Truon\Documents\New project\data\telegram_records.db
2026-05-15T21:29:39+07:00 [streamlit_app] RECORDS_DB_PATH=C:\Users\Truon\Documents\New project\data\telegram_records.db
2026-05-15T21:29:41+07:00 [streamlit_app] RECORDS_DB_PATH=C:\Users\Truon\Documents\New project\data\telegram_records.db
2026-05-15T21:29:50+07:00 [streamlit_app] RECORDS_DB_PATH=C:\Users\Truon\Documents\New project\data\telegram_records.db
2026-05-16T08:04:56+07:00 [mail_listener] RECORDS_DB_PATH=C:\Users\Truon\Documents\New project\data\telegram_records.db
2026-05-16T08:04:56+07:00 [telegram_server] RECORDS_DB_PATH=C:\Users\Truon\Documents\New project\data\telegram_records.db
2026-05-16T08:05:12+07:00 [streamlit_app] RECORDS_DB_PATH=C:\Users\Truon\Documents\New project\data\telegram_records.db
2026-05-16T08:19:58+07:00 [mail_listener] RECORDS_DB_PATH=C:\Users\Truon\Documents\New project\data\telegram_records.db
2026-05-16T08:19:58+07:00 [telegram_server] RECORDS_DB_PATH=C:\Users\Truon\Documents\New project\data\telegram_records.db
2026-05-16T08:20:23+07:00 [mail_listener] RECORDS_DB_PATH=C:\Users\Truon\Documents\New project\data\telegram_records.db
2026-05-16T08:20:23+07:00 [telegram_server] RECORDS_DB_PATH=C:\Users\Truon\Documents\New project\data\telegram_records.db
2026-05-16T10:26:07+07:00 [mail_listener] RECORDS_DB_PATH=C:\Users\Truon\Documents\New project\data\telegram_records.db
2026-05-16T10:27:27+07:00 [mail_listener] RECORDS_DB_PATH=C:\Users\Truon\Documents\New project\data\telegram_records.db
2026-05-16T10:27:27+07:00 [telegram_server] RECORDS_DB_PATH=C:\Users\Truon\Documents\New project\data\telegram_records.db
2026-05-16T10:33:18+07:00 [mail_listener] RECORDS_DB_PATH=C:\Users\Truon\Documents\New project\data\telegram_records.db
2026-05-16T10:33:18+07:00 [telegram_server] RECORDS_DB_PATH=C:\Users\Truon\Documents\New project\data\telegram_records.db
2026-05-16T14:49:24+07:00 [telegram_server] RECORDS_DB_PATH=C:\Users\Truon\Documents\New project\data\telegram_records.db
2026-05-16T14:50:02+07:00 [telegram_server] RECORDS_DB_PATH=C:\Users\Truon\Documents\New project\data\telegram_records.db
2026-05-16T14:50:38+07:00 [telegram_server] RECORDS_DB_PATH=C:\Users\Truon\Documents\New project\data\telegram_records.db
2026-05-16T14:52:39+07:00 [telegram_server] RECORDS_DB_PATH=C:\Users\Truon\Documents\New project\data\telegram_records.db
2026-05-16T14:54:06+07:00 [mail_listener] RECORDS_DB_PATH=C:\Users\Truon\Documents\New project\data\telegram_records.db
2026-05-16T14:54:07+07:00 [telegram_server] RECORDS_DB_PATH=C:\Users\Truon\Documents\New project\data\telegram_records.db
2026-05-16T14:54:34+07:00 [mail_listener] RECORDS_DB_PATH=C:\Users\Truon\Documents\New project\data\telegram_records.db
2026-05-16T14:54:34+07:00 [telegram_server] RECORDS_DB_PATH=C:\Users\Truon\Documents\New project\data\telegram_records.db
2026-05-16T14:56:18+07:00 [mail_listener] RECORDS_DB_PATH=C:\Users\Truon\Documents\New project\data\telegram_records.db
2026-05-16T14:56:18+07:00 [telegram_server] RECORDS_DB_PATH=C:\Users\Truon\Documents\New project\data\telegram_records.db
2026-05-16T14:56:38+07:00 [mail_listener] RECORDS_DB_PATH=C:\Users\Truon\Documents\New project\data\telegram_records.db
2026-05-16T14:56:38+07:00 [telegram_server] RECORDS_DB_PATH=C:\Users\Truon\Documents\New project\data\telegram_records.db
2026-05-16T15:03:14+07:00 [mail_listener] RECORDS_DB_PATH=C:\Users\Truon\Documents\New project\data\telegram_records.db
2026-05-16T15:03:14+07:00 [telegram_server] RECORDS_DB_PATH=C:\Users\Truon\Documents\New project\data\telegram_records.db
2026-05-16T15:04:10+07:00 [mail_listener] RECORDS_DB_PATH=C:\Users\Truon\Documents\New project\data\telegram_records.db
2026-05-16T15:04:10+07:00 [telegram_server] RECORDS_DB_PATH=C:\Users\Truon\Documents\New project\data\telegram_records.db
2026-05-16T15:34:30+07:00 [mail_listener] RECORDS_DB_PATH=C:\Users\Truon\Documents\New project\data\telegram_records.db
2026-05-16T15:34:31+07:00 [telegram_server] RECORDS_DB_PATH=C:\Users\Truon\Documents\New project\data\telegram_records.db
2026-05-16T15:49:38+07:00 [mail_listener] RECORDS_DB_PATH=C:\Users\Truon\Documents\New project\data\telegram_records.db
2026-05-16T15:49:38+07:00 [telegram_server] RECORDS_DB_PATH=C:\Users\Truon\Documents\New project\data\telegram_records.db
2026-05-16T15:54:06+07:00 [mail_listener] RECORDS_DB_PATH=C:\Users\Truon\Documents\New project\data\telegram_records.db
2026-05-16T15:54:07+07:00 [telegram_server] RECORDS_DB_PATH=C:\Users\Truon\Documents\New project\data\telegram_records.db
2026-05-16T16:10:47+07:00 [mail_listener] RECORDS_DB_PATH=C:\Users\Truon\Documents\New project\data\telegram_records.db
2026-05-16T16:10:47+07:00 [telegram_server] RECORDS_DB_PATH=C:\Users\Truon\Documents\New project\data\telegram_records.db
2026-05-16T16:45:11+07:00 [mail_listener] RECORDS_DB_PATH=C:\Users\Truon\Documents\New project\data\telegram_records.db
2026-05-16T16:45:11+07:00 [telegram_server] RECORDS_DB_PATH=C:\Users\Truon\Documents\New project\data\telegram_records.db
2026-05-16T20:32:59+07:00 [mail_listener] RECORDS_DB_PATH=C:\Users\Truon\Documents\New project\data\telegram_records.db
2026-05-16T20:32:59+07:00 [telegram_server] RECORDS_DB_PATH=C:\Users\Truon\Documents\New project\data\telegram_records.db
2026-05-16T20:40:04+07:00 [mail_listener] RECORDS_DB_PATH=C:\Users\Truon\Documents\New project\data\telegram_records.db
2026-05-16T20:40:05+07:00 [telegram_server] RECORDS_DB_PATH=C:\Users\Truon\Documents\New project\data\telegram_records.db
2026-05-16T20:47:15+07:00 [mail_listener] RECORDS_DB_PATH=C:\Users\Truon\Documents\New project\data\telegram_records.db
2026-05-16T20:47:15+07:00 [telegram_server] RECORDS_DB_PATH=C:\Users\Truon\Documents\New project\data\telegram_records.db
2026-05-16T20:52:12+07:00 [streamlit_app] RECORDS_DB_PATH=C:\Users\Truon\Documents\New project\data\telegram_records.db
2026-05-16T20:52:53+07:00 [streamlit_app] RECORDS_DB_PATH=C:\Users\Truon\Documents\New project\data\telegram_records.db
2026-05-16T20:52:55+07:00 [streamlit_app] RECORDS_DB_PATH=C:\Users\Truon\Documents\New project\data\telegram_records.db
2026-05-16T20:55:04+07:00 [mail_listener] RECORDS_DB_PATH=C:\Users\Truon\Documents\New project\data\telegram_records.db
2026-05-16T20:55:04+07:00 [telegram_server] RECORDS_DB_PATH=C:\Users\Truon\Documents\New project\data\telegram_records.db
2026-05-16T20:55:15+07:00 [streamlit_app] RECORDS_DB_PATH=C:\Users\Truon\Documents\New project\data\telegram_records.db
2026-05-16T21:07:32+07:00 [mail_listener] RECORDS_DB_PATH=C:\Users\Truon\Documents\New project\data\telegram_records.db
2026-05-16T21:07:33+07:00 [telegram_server] RECORDS_DB_PATH=C:\Users\Truon\Documents\New project\data\telegram_records.db
2026-05-16T21:07:43+07:00 [streamlit_app] RECORDS_DB_PATH=C:\Users\Truon\Documents\New project\data\telegram_records.db
2026-05-16T21:11:26+07:00 [mail_listener] RECORDS_DB_PATH=C:\Users\Truon\Documents\New project\data\telegram_records.db
2026-05-16T21:11:26+07:00 [telegram_server] RECORDS_DB_PATH=C:\Users\Truon\Documents\New project\data\telegram_records.db
2026-05-16T21:11:36+07:00 [streamlit_app] RECORDS_DB_PATH=C:\Users\Truon\Documents\New project\data\telegram_records.db
2026-05-16T21:16:02+07:00 [streamlit_app] RECORDS_DB_PATH=C:\Users\Truon\Documents\New project\data\telegram_records.db
2026-05-16T21:16:13+07:00 [streamlit_app] RECORDS_DB_PATH=C:\Users\Truon\Documents\New project\data\telegram_records.db
2026-05-16T21:16:16+07:00 [streamlit_app] RECORDS_DB_PATH=C:\Users\Truon\Documents\New project\data\telegram_records.db
2026-05-16T21:25:09+07:00 [mail_listener] RECORDS_DB_PATH=C:\Users\Truon\Documents\New project\data\telegram_records.db
2026-05-16T21:25:09+07:00 [telegram_server] RECORDS_DB_PATH=C:\Users\Truon\Documents\New project\data\telegram_records.db
2026-05-16T21:25:19+07:00 [streamlit_app] RECORDS_DB_PATH=C:\Users\Truon\Documents\New project\data\telegram_records.db
2026-05-16T21:27:55+07:00 [mail_listener] RECORDS_DB_PATH=C:\Users\Truon\Documents\New project\data\telegram_records.db
2026-05-16T21:27:55+07:00 [telegram_server] RECORDS_DB_PATH=C:\Users\Truon\Documents\New project\data\telegram_records.db
2026-05-16T21:28:05+07:00 [streamlit_app] RECORDS_DB_PATH=C:\Users\Truon\Documents\New project\data\telegram_records.db
2026-05-16T21:30:14+07:00 [mail_listener] RECORDS_DB_PATH=C:\Users\Truon\Documents\New project\data\telegram_records.db
2026-05-16T21:30:14+07:00 [telegram_server] RECORDS_DB_PATH=C:\Users\Truon\Documents\New project\data\telegram_records.db
2026-05-16T21:30:24+07:00 [streamlit_app] RECORDS_DB_PATH=C:\Users\Truon\Documents\New project\data\telegram_records.db
2026-05-16T21:41:25+07:00 [mail_listener] RECORDS_DB_PATH=C:\Users\Truon\Documents\New project\data\telegram_records.db
2026-05-16T21:41:25+07:00 [telegram_server] RECORDS_DB_PATH=C:\Users\Truon\Documents\New project\data\telegram_records.db
2026-05-16T21:41:35+07:00 [streamlit_app] RECORDS_DB_PATH=C:\Users\Truon\Documents\New project\data\telegram_records.db
2026-05-16T21:41:53+07:00 [streamlit_app] RECORDS_DB_PATH=C:\Users\Truon\Documents\New project\data\telegram_records.db
2026-05-16T21:41:54+07:00 [streamlit_app] RECORDS_DB_PATH=C:\Users\Truon\Documents\New project\data\telegram_records.db
2026-05-16T21:41:55+07:00 [streamlit_app] RECORDS_DB_PATH=C:\Users\Truon\Documents\New project\data\telegram_records.db
2026-05-16T21:41:55+07:00 [streamlit_app] RECORDS_DB_PATH=C:\Users\Truon\Documents\New project\data\telegram_records.db
2026-05-16T21:41:57+07:00 [streamlit_app] RECORDS_DB_PATH=C:\Users\Truon\Documents\New project\data\telegram_records.db
2026-05-16T21:41:58+07:00 [streamlit_app] RECORDS_DB_PATH=C:\Users\Truon\Documents\New project\data\telegram_records.db
2026-05-16T21:41:58+07:00 [streamlit_app] RECORDS_DB_PATH=C:\Users\Truon\Documents\New project\data\telegram_records.db
2026-05-16T21:41:59+07:00 [streamlit_app] RECORDS_DB_PATH=C:\Users\Truon\Documents\New project\data\telegram_records.db
2026-05-16T21:41:59+07:00 [streamlit_app] RECORDS_DB_PATH=C:\Users\Truon\Documents\New project\data\telegram_records.db
2026-05-16T21:42:00+07:00 [streamlit_app] RECORDS_DB_PATH=C:\Users\Truon\Documents\New project\data\telegram_records.db
2026-05-16T21:42:01+07:00 [streamlit_app] RECORDS_DB_PATH=C:\Users\Truon\Documents\New project\data\telegram_records.db
2026-05-16T21:42:10+07:00 [streamlit_app] RECORDS_DB_PATH=C:\Users\Truon\Documents\New project\data\telegram_records.db
2026-05-16T21:42:15+07:00 [streamlit_app] RECORDS_DB_PATH=C:\Users\Truon\Documents\New project\data\telegram_records.db
2026-05-16T21:42:18+07:00 [streamlit_app] RECORDS_DB_PATH=C:\Users\Truon\Documents\New project\data\telegram_records.db
2026-05-16T21:42:52+07:00 [streamlit_app] RECORDS_DB_PATH=C:\Users\Truon\Documents\New project\data\telegram_records.db
2026-05-16T21:42:53+07:00 [streamlit_app] RECORDS_DB_PATH=C:\Users\Truon\Documents\New project\data\telegram_records.db
2026-05-16T21:43:03+07:00 [streamlit_app] RECORDS_DB_PATH=C:\Users\Truon\Documents\New project\data\telegram_records.db
2026-05-16T21:43:06+07:00 [streamlit_app] RECORDS_DB_PATH=C:\Users\Truon\Documents\New project\data\telegram_records.db
2026-05-16T21:47:20+07:00 [mail_service] RECORDS_DB_PATH=C:\Users\Truon\Documents\New project\data\telegram_records.db
2026-05-16T21:54:15+07:00 [mail_service] RECORDS_DB_PATH=C:\Users\Truon\Documents\New project\data\telegram_records.db
2026-05-16T22:11:04+07:00 [mail_listener] RECORDS_DB_PATH=C:\Users\Truon\Documents\New project\data\telegram_records.db
2026-05-16T22:11:04+07:00 [telegram_server] RECORDS_DB_PATH=C:\Users\Truon\Documents\New project\data\telegram_records.db
2026-05-16T22:11:15+07:00 [streamlit_app] RECORDS_DB_PATH=C:\Users\Truon\Documents\New project\data\telegram_records.db
2026-05-16T22:14:41+07:00 [mail_listener] RECORDS_DB_PATH=C:\Users\Truon\Documents\New project\data\telegram_records.db
2026-05-16T22:14:41+07:00 [telegram_server] RECORDS_DB_PATH=C:\Users\Truon\Documents\New project\data\telegram_records.db
2026-05-16T22:14:51+07:00 [streamlit_app] RECORDS_DB_PATH=C:\Users\Truon\Documents\New project\data\telegram_records.db
2026-05-16T22:21:30+07:00 [streamlit_app] RECORDS_DB_PATH=C:\Users\Truon\Documents\New project\data\telegram_records.db
2026-05-16T22:21:32+07:00 [streamlit_app] RECORDS_DB_PATH=C:\Users\Truon\Documents\New project\data\telegram_records.db
2026-05-16T22:21:51+07:00 [streamlit_app] RECORDS_DB_PATH=C:\Users\Truon\Documents\New project\data\telegram_records.db
2026-05-16T22:22:10+07:00 [streamlit_app] RECORDS_DB_PATH=C:\Users\Truon\Documents\New project\data\telegram_records.db
2026-05-16T22:22:10+07:00 [streamlit_app] RECORDS_DB_PATH=C:\Users\Truon\Documents\New project\data\telegram_records.db
2026-05-16T22:22:11+07:00 [streamlit_app] RECORDS_DB_PATH=C:\Users\Truon\Documents\New project\data\telegram_records.db
2026-05-16T22:22:21+07:00 [streamlit_app] RECORDS_DB_PATH=C:\Users\Truon\Documents\New project\data\telegram_records.db
2026-05-16T22:22:24+07:00 [streamlit_app] RECORDS_DB_PATH=C:\Users\Truon\Documents\New project\data\telegram_records.db
2026-05-16T23:40:36+07:00 [streamlit_app] RECORDS_DB_PATH=C:\Users\Truon\Documents\New project\data\telegram_records.db
2026-05-16T23:40:51+07:00 [streamlit_app] RECORDS_DB_PATH=C:\Users\Truon\Documents\New project\data\telegram_records.db
2026-05-16T23:44:40+07:00 [mail_listener] RECORDS_DB_PATH=C:\Users\Truon\Documents\New project\data\telegram_records.db
2026-05-16T23:46:26+07:00 [mail_listener] RECORDS_DB_PATH=C:\Users\Truon\Documents\New project\data\telegram_records.db
2026-05-16T23:46:27+07:00 [telegram_server] RECORDS_DB_PATH=C:\Users\Truon\Documents\New project\data\telegram_records.db
2026-05-16T23:49:38+07:00 [mail_listener] RECORDS_DB_PATH=C:\Users\Truon\Documents\New project\data\telegram_records.db
2026-05-16T23:49:38+07:00 [telegram_server] RECORDS_DB_PATH=C:\Users\Truon\Documents\New project\data\telegram_records.db
2026-05-16T23:52:12+07:00 [streamlit_app] RECORDS_DB_PATH=C:\Users\Truon\Documents\New project\data\telegram_records.db
2026-05-16T23:52:49+07:00 [mail_listener] RECORDS_DB_PATH=C:\Users\Truon\Documents\New project\data\telegram_records.db
2026-05-16T23:56:39+07:00 [streamlit_app] RECORDS_DB_PATH=C:\Users\Truon\Documents\New project\data\telegram_records.db
2026-05-17T00:03:40+07:00 [streamlit_app] RECORDS_DB_PATH=C:\Users\Truon\Documents\New project\data\telegram_records.db
2026-05-17T00:04:30+07:00 [streamlit_app] RECORDS_DB_PATH=C:\Users\Truon\Documents\New project\data\telegram_records.db
2026-05-17T08:30:54+07:00 [mail_listener] RECORDS_DB_PATH=C:\Users\Truon\Documents\New project\data\telegram_records.db
2026-05-17T08:30:55+07:00 [telegram_server] RECORDS_DB_PATH=C:\Users\Truon\Documents\New project\data\telegram_records.db
2026-05-17T08:31:06+07:00 [streamlit_app] RECORDS_DB_PATH=C:\Users\Truon\Documents\New project\data\telegram_records.db
2026-05-17T08:36:12+07:00 [mail_service] RECORDS_DB_PATH=C:\Users\Truon\Documents\New project\data\telegram_records.db
2026-05-17T08:47:14+07:00 [mail_listener] RECORDS_DB_PATH=C:\Users\Truon\Documents\New project\data\telegram_records.db
2026-05-17T08:47:14+07:00 [telegram_server] RECORDS_DB_PATH=C:\Users\Truon\Documents\New project\data\telegram_records.db
2026-05-17T08:56:05+07:00 [mail_listener] RECORDS_DB_PATH=C:\Users\Truon\Documents\New project\data\telegram_records.db
2026-05-17T08:56:05+07:00 [telegram_server] RECORDS_DB_PATH=C:\Users\Truon\Documents\New project\data\telegram_records.db
2026-05-17T09:15:19+07:00 [mail_listener] RECORDS_DB_PATH=C:\Users\Truon\Documents\New project\data\telegram_records.db
2026-05-17T09:15:19+07:00 [telegram_server] RECORDS_DB_PATH=C:\Users\Truon\Documents\New project\data\telegram_records.db
2026-05-17T09:25:35+07:00 [mail_listener] RECORDS_DB_PATH=C:\Users\Truon\Documents\New project\data\telegram_records.db
2026-05-17T09:25:36+07:00 [telegram_server] RECORDS_DB_PATH=C:\Users\Truon\Documents\New project\data\telegram_records.db
2026-05-17T09:25:39+07:00 [streamlit_app] RECORDS_DB_PATH=C:\Users\Truon\Documents\New project\data\telegram_records.db
2026-05-17T09:38:49+07:00 [mail_listener] RECORDS_DB_PATH=C:\Users\Truon\Documents\New project\data\telegram_records.db
2026-05-17T09:38:50+07:00 [telegram_server] RECORDS_DB_PATH=C:\Users\Truon\Documents\New project\data\telegram_records.db
2026-05-17T09:38:53+07:00 [streamlit_app] RECORDS_DB_PATH=C:\Users\Truon\Documents\New project\data\telegram_records.db
2026-05-17T10:22:53+07:00 [mail_listener] RECORDS_DB_PATH=C:\Users\Truon\Documents\New project\data\telegram_records.db
2026-05-17T10:22:53+07:00 [telegram_server] RECORDS_DB_PATH=C:\Users\Truon\Documents\New project\data\telegram_records.db
2026-05-17T10:22:59+07:00 [streamlit_app] RECORDS_DB_PATH=C:\Users\Truon\Documents\New project\data\telegram_records.db
2026-05-17T10:33:44+07:00 [mail_listener] RECORDS_DB_PATH=C:\Users\Truon\Documents\New project\data\telegram_records.db
2026-05-17T10:33:45+07:00 [telegram_server] RECORDS_DB_PATH=C:\Users\Truon\Documents\New project\data\telegram_records.db
2026-05-17T10:33:49+07:00 [streamlit_app] RECORDS_DB_PATH=C:\Users\Truon\Documents\New project\data\telegram_records.db
2026-05-17T10:52:49+07:00 [mail_listener] RECORDS_DB_PATH=C:\Users\Truon\Documents\New project\data\telegram_records.db
2026-05-17T10:52:49+07:00 [telegram_server] RECORDS_DB_PATH=C:\Users\Truon\Documents\New project\data\telegram_records.db
2026-05-17T10:52:53+07:00 [streamlit_app] RECORDS_DB_PATH=C:\Users\Truon\Documents\New project\data\telegram_records.db
2026-05-17T11:02:00+07:00 [mail_listener] RECORDS_DB_PATH=C:\Users\Truon\Documents\New project\data\telegram_records.db
2026-05-17T11:02:01+07:00 [telegram_server] RECORDS_DB_PATH=C:\Users\Truon\Documents\New project\data\telegram_records.db
2026-05-17T11:02:05+07:00 [streamlit_app] RECORDS_DB_PATH=C:\Users\Truon\Documents\New project\data\telegram_records.db
2026-05-17T11:12:08+07:00 [mail_listener] RECORDS_DB_PATH=C:\Users\Truon\Documents\New project\data\telegram_records.db
2026-05-17T11:12:08+07:00 [telegram_server] RECORDS_DB_PATH=C:\Users\Truon\Documents\New project\data\telegram_records.db
2026-05-17T11:12:12+07:00 [streamlit_app] RECORDS_DB_PATH=C:\Users\Truon\Documents\New project\data\telegram_records.db
2026-05-17T11:21:14+07:00 [mail_listener] RECORDS_DB_PATH=C:\Users\Truon\Documents\New project\data\telegram_records.db
2026-05-17T11:21:15+07:00 [telegram_server] RECORDS_DB_PATH=C:\Users\Truon\Documents\New project\data\telegram_records.db
2026-05-17T11:21:18+07:00 [streamlit_app] RECORDS_DB_PATH=C:\Users\Truon\Documents\New project\data\telegram_records.db
2026-05-17T12:13:31+07:00 [streamlit_app] RECORDS_DB_PATH=C:\Users\Truon\Documents\New project\data\telegram_records.db
2026-05-17T12:14:56+07:00 [streamlit_app] RECORDS_DB_PATH=C:\Users\Truon\Documents\New project\data\telegram_records.db
2026-05-17T12:15:30+07:00 [streamlit_app] RECORDS_DB_PATH=C:\Users\Truon\Documents\New project\data\telegram_records.db
2026-05-17T12:21:13+07:00 [streamlit_app] RECORDS_DB_PATH=C:\Users\Truon\Documents\New project\data\telegram_records.db
2026-05-17T12:23:11+07:00 [streamlit_app] RECORDS_DB_PATH=C:\Users\Truon\Documents\New project\data\telegram_records.db
2026-05-17T12:23:25+07:00 [streamlit_app] RECORDS_DB_PATH=C:\Users\Truon\Documents\New project\data\telegram_records.db
2026-05-17T12:24:15+07:00 [streamlit_app] RECORDS_DB_PATH=C:\Users\Truon\Documents\New project\data\telegram_records.db
2026-05-17T12:27:10+07:00 [streamlit_app] RECORDS_DB_PATH=C:\Users\Truon\Documents\New project\data\telegram_records.db
2026-05-17T12:33:28+07:00 [mail_listener] RECORDS_DB_PATH=C:\Users\Truon\Documents\New project\data\telegram_records.db
2026-05-17T12:33:28+07:00 [telegram_server] RECORDS_DB_PATH=C:\Users\Truon\Documents\New project\data\telegram_records.db
2026-05-17T12:33:32+07:00 [streamlit_app] RECORDS_DB_PATH=C:\Users\Truon\Documents\New project\data\telegram_records.db
2026-05-17T13:29:27+07:00 [streamlit_app] RECORDS_DB_PATH=C:\Users\Truon\Documents\New project\data\telegram_records.db
2026-05-17T13:30:22+07:00 [streamlit_app] RECORDS_DB_PATH=C:\Users\Truon\Documents\New project\data\telegram_records.db
2026-05-17T13:30:26+07:00 [streamlit_app] RECORDS_DB_PATH=C:\Users\Truon\Documents\New project\data\telegram_records.db
2026-05-17T13:32:13+07:00 [mail_listener] RECORDS_DB_PATH=C:\Users\Truon\Documents\New project\data\telegram_records.db
2026-05-17T13:32:14+07:00 [telegram_server] RECORDS_DB_PATH=C:\Users\Truon\Documents\New project\data\telegram_records.db
2026-05-17T13:32:17+07:00 [streamlit_app] RECORDS_DB_PATH=C:\Users\Truon\Documents\New project\data\telegram_records.db
2026-05-17T14:03:44+07:00 [streamlit_app] RECORDS_DB_PATH=C:\Users\Truon\Documents\New project\data\telegram_records.db
2026-05-17T14:08:02+07:00 [streamlit_app] RECORDS_DB_PATH=C:\Users\Truon\Documents\New project\data\telegram_records.db
2026-05-17T14:08:52+07:00 [mail_listener] RECORDS_DB_PATH=C:\Users\Truon\Documents\New project\data\telegram_records.db
2026-05-17T14:08:52+07:00 [telegram_server] RECORDS_DB_PATH=C:\Users\Truon\Documents\New project\data\telegram_records.db
2026-05-17T14:08:56+07:00 [streamlit_app] RECORDS_DB_PATH=C:\Users\Truon\Documents\New project\data\telegram_records.db
2026-05-17T14:10:02+07:00 [streamlit_app] RECORDS_DB_PATH=C:\Users\Truon\Documents\New project\data\telegram_records.db
2026-05-17T22:59:33+07:00 [mail_listener] RECORDS_DB_PATH=C:\root\app\data\telegram_records.db
2026-05-17T22:59:33+07:00 [telegram_server] RECORDS_DB_PATH=C:\root\app\data\telegram_records.db
2026-05-17T22:59:39+07:00 [streamlit_app] RECORDS_DB_PATH=C:\root\app\data\telegram_records.db
